2022-04-16 12:24:56,282 - INFO -  requestId=LXyExImCp: 耗时：15.27秒, 目标总量: 35, 成功检测: 31 | 89.0%, 无需检测跳过: 0 | 0.0%, 检测失败: 4 | 11.0%, 
2022-04-16 12:25:34,913 - INFO -  requestId=LXyExImCp: 耗时：38.88秒, 目标总量: 116, 成功检测: 107 | 92.0%, 无需检测跳过: 0 | 0.0%, 检测失败: 9 | 8.0%, 
2022-04-16 12:25:34,913 - INFO -  requestId=LXyExImCp: 耗时：38.88秒, 目标总量: 116, 成功检测: 107 | 92.0%, 无需检测跳过: 0 | 0.0%, 检测失败: 9 | 8.0%, 
2022-04-16 12:25:54,269 - INFO -  requestId=LXyExImCp: 耗时：62.37秒, 目标总量: 62, 成功检测: 57 | 92.0%, 无需检测跳过: 0 | 0.0%, 检测失败: 5 | 8.0%, 
2022-04-16 12:25:54,269 - INFO -  requestId=LXyExImCp: 耗时：62.37秒, 目标总量: 62, 成功检测: 57 | 92.0%, 无需检测跳过: 0 | 0.0%, 检测失败: 5 | 8.0%, 
2022-04-16 12:25:54,269 - INFO -  requestId=LXyExImCp: 耗时：62.37秒, 目标总量: 62, 成功检测: 57 | 92.0%, 无需检测跳过: 0 | 0.0%, 检测失败: 5 | 8.0%, 
2022-04-16 12:30:26,229 - INFO -  requestId=86beKna3y: 耗时：6.04秒, 目标总量: 20, 成功检测: 20 | 100.0%, 无需检测跳过: 0 | 0.0%, 检测失败: 0 | 0.0%, 
2022-04-16 12:30:26,229 - INFO -  requestId=86beKna3y: 耗时：6.04秒, 目标总量: 20, 成功检测: 20 | 100.0%, 无需检测跳过: 0 | 0.0%, 检测失败: 0 | 0.0%, 
2022-04-16 12:30:26,229 - INFO -  requestId=86beKna3y: 耗时：6.04秒, 目标总量: 20, 成功检测: 20 | 100.0%, 无需检测跳过: 0 | 0.0%, 检测失败: 0 | 0.0%, 
2022-04-16 12:30:26,229 - INFO -  requestId=86beKna3y: 耗时：6.04秒, 目标总量: 20, 成功检测: 20 | 100.0%, 无需检测跳过: 0 | 0.0%, 检测失败: 0 | 0.0%, 
2022-04-16 13:55:58,233 - INFO -  requestId=86beKna3y: 耗时：5127.46秒, 目标总量: 49, 成功检测: 28 | 56.99999999999999%, 无需检测跳过: 20 | 41.0%, 检测失败: 1 | 2.0%, 
2022-04-16 13:55:58,233 - INFO -  requestId=86beKna3y: 耗时：5127.46秒, 目标总量: 49, 成功检测: 28 | 56.99999999999999%, 无需检测跳过: 20 | 41.0%, 检测失败: 1 | 2.0%, 
2022-04-16 13:55:58,233 - INFO -  requestId=86beKna3y: 耗时：5127.46秒, 目标总量: 49, 成功检测: 28 | 56.99999999999999%, 无需检测跳过: 20 | 41.0%, 检测失败: 1 | 2.0%, 
2022-04-16 13:55:58,233 - INFO -  requestId=86beKna3y: 耗时：5127.46秒, 目标总量: 49, 成功检测: 28 | 56.99999999999999%, 无需检测跳过: 20 | 41.0%, 检测失败: 1 | 2.0%, 
2022-04-16 13:55:58,233 - INFO -  requestId=86beKna3y: 耗时：5127.46秒, 目标总量: 49, 成功检测: 28 | 56.99999999999999%, 无需检测跳过: 20 | 41.0%, 检测失败: 1 | 2.0%, 
2022-04-16 13:56:16,829 - INFO -  requestId=86beKna3y: 耗时：5142.26秒, 目标总量: 103, 成功检测: 78 | 76.0%, 无需检测跳过: 20 | 19.0%, 检测失败: 5 | 5.0%, 
2022-04-16 13:56:16,829 - INFO -  requestId=86beKna3y: 耗时：5142.26秒, 目标总量: 103, 成功检测: 78 | 76.0%, 无需检测跳过: 20 | 19.0%, 检测失败: 5 | 5.0%, 
2022-04-16 13:56:16,829 - INFO -  requestId=86beKna3y: 耗时：5142.26秒, 目标总量: 103, 成功检测: 78 | 76.0%, 无需检测跳过: 20 | 19.0%, 检测失败: 5 | 5.0%, 
2022-04-16 13:56:16,829 - INFO -  requestId=86beKna3y: 耗时：5142.26秒, 目标总量: 103, 成功检测: 78 | 76.0%, 无需检测跳过: 20 | 19.0%, 检测失败: 5 | 5.0%, 
2022-04-16 13:56:16,829 - INFO -  requestId=86beKna3y: 耗时：5142.26秒, 目标总量: 103, 成功检测: 78 | 76.0%, 无需检测跳过: 20 | 19.0%, 检测失败: 5 | 5.0%, 
2022-04-16 13:56:16,829 - INFO -  requestId=86beKna3y: 耗时：5142.26秒, 目标总量: 103, 成功检测: 78 | 76.0%, 无需检测跳过: 20 | 19.0%, 检测失败: 5 | 5.0%, 
2022-04-16 14:00:19,857 - INFO -  requestId=saeM-RZgX: 耗时：162.32秒, 目标总量: 34, 成功检测: 30 | 88.0%, 无需检测跳过: 0 | 0.0%, 检测失败: 4 | 12.0%, 
2022-04-16 14:00:19,857 - INFO -  requestId=saeM-RZgX: 耗时：162.32秒, 目标总量: 34, 成功检测: 30 | 88.0%, 无需检测跳过: 0 | 0.0%, 检测失败: 4 | 12.0%, 
2022-04-16 14:00:19,857 - INFO -  requestId=saeM-RZgX: 耗时：162.32秒, 目标总量: 34, 成功检测: 30 | 88.0%, 无需检测跳过: 0 | 0.0%, 检测失败: 4 | 12.0%, 
2022-04-16 14:00:19,857 - INFO -  requestId=saeM-RZgX: 耗时：162.32秒, 目标总量: 34, 成功检测: 30 | 88.0%, 无需检测跳过: 0 | 0.0%, 检测失败: 4 | 12.0%, 
2022-04-16 14:00:19,857 - INFO -  requestId=saeM-RZgX: 耗时：162.32秒, 目标总量: 34, 成功检测: 30 | 88.0%, 无需检测跳过: 0 | 0.0%, 检测失败: 4 | 12.0%, 
2022-04-16 14:00:19,857 - INFO -  requestId=saeM-RZgX: 耗时：162.32秒, 目标总量: 34, 成功检测: 30 | 88.0%, 无需检测跳过: 0 | 0.0%, 检测失败: 4 | 12.0%, 
2022-04-16 14:00:19,857 - INFO -  requestId=saeM-RZgX: 耗时：162.32秒, 目标总量: 34, 成功检测: 30 | 88.0%, 无需检测跳过: 0 | 0.0%, 检测失败: 4 | 12.0%, 
2022-04-16 14:00:37,419 - INFO -  requestId=saeM-RZgX: 耗时：14.74秒, 目标总量: 63, 成功检测: 29 | 46.0%, 无需检测跳过: 34 | 54.0%, 检测失败: 0 | 0.0%, 
2022-04-16 14:00:37,419 - INFO -  requestId=saeM-RZgX: 耗时：14.74秒, 目标总量: 63, 成功检测: 29 | 46.0%, 无需检测跳过: 34 | 54.0%, 检测失败: 0 | 0.0%, 
2022-04-16 14:00:37,419 - INFO -  requestId=saeM-RZgX: 耗时：14.74秒, 目标总量: 63, 成功检测: 29 | 46.0%, 无需检测跳过: 34 | 54.0%, 检测失败: 0 | 0.0%, 
2022-04-16 14:00:37,419 - INFO -  requestId=saeM-RZgX: 耗时：14.74秒, 目标总量: 63, 成功检测: 29 | 46.0%, 无需检测跳过: 34 | 54.0%, 检测失败: 0 | 0.0%, 
2022-04-16 14:00:37,419 - INFO -  requestId=saeM-RZgX: 耗时：14.74秒, 目标总量: 63, 成功检测: 29 | 46.0%, 无需检测跳过: 34 | 54.0%, 检测失败: 0 | 0.0%, 
2022-04-16 14:00:37,419 - INFO -  requestId=saeM-RZgX: 耗时：14.74秒, 目标总量: 63, 成功检测: 29 | 46.0%, 无需检测跳过: 34 | 54.0%, 检测失败: 0 | 0.0%, 
2022-04-16 14:00:37,419 - INFO -  requestId=saeM-RZgX: 耗时：14.74秒, 目标总量: 63, 成功检测: 29 | 46.0%, 无需检测跳过: 34 | 54.0%, 检测失败: 0 | 0.0%, 
2022-04-16 14:00:37,419 - INFO -  requestId=saeM-RZgX: 耗时：14.74秒, 目标总量: 63, 成功检测: 29 | 46.0%, 无需检测跳过: 34 | 54.0%, 检测失败: 0 | 0.0%, 
2022-04-16 14:00:58,677 - INFO -  requestId=saeM-RZgX: 耗时：30.17秒, 目标总量: 117, 成功检测: 80 | 68.0%, 无需检测跳过: 34 | 28.999999999999996%, 检测失败: 3 | 3.0%, 
2022-04-16 14:00:58,677 - INFO -  requestId=saeM-RZgX: 耗时：30.17秒, 目标总量: 117, 成功检测: 80 | 68.0%, 无需检测跳过: 34 | 28.999999999999996%, 检测失败: 3 | 3.0%, 
2022-04-16 14:00:58,677 - INFO -  requestId=saeM-RZgX: 耗时：30.17秒, 目标总量: 117, 成功检测: 80 | 68.0%, 无需检测跳过: 34 | 28.999999999999996%, 检测失败: 3 | 3.0%, 
2022-04-16 14:00:58,677 - INFO -  requestId=saeM-RZgX: 耗时：30.17秒, 目标总量: 117, 成功检测: 80 | 68.0%, 无需检测跳过: 34 | 28.999999999999996%, 检测失败: 3 | 3.0%, 
2022-04-16 14:00:58,677 - INFO -  requestId=saeM-RZgX: 耗时：30.17秒, 目标总量: 117, 成功检测: 80 | 68.0%, 无需检测跳过: 34 | 28.999999999999996%, 检测失败: 3 | 3.0%, 
2022-04-16 14:00:58,677 - INFO -  requestId=saeM-RZgX: 耗时：30.17秒, 目标总量: 117, 成功检测: 80 | 68.0%, 无需检测跳过: 34 | 28.999999999999996%, 检测失败: 3 | 3.0%, 
2022-04-16 14:00:58,677 - INFO -  requestId=saeM-RZgX: 耗时：30.17秒, 目标总量: 117, 成功检测: 80 | 68.0%, 无需检测跳过: 34 | 28.999999999999996%, 检测失败: 3 | 3.0%, 
2022-04-16 14:00:58,677 - INFO -  requestId=saeM-RZgX: 耗时：30.17秒, 目标总量: 117, 成功检测: 80 | 68.0%, 无需检测跳过: 34 | 28.999999999999996%, 检测失败: 3 | 3.0%, 
2022-04-16 14:00:58,677 - INFO -  requestId=saeM-RZgX: 耗时：30.17秒, 目标总量: 117, 成功检测: 80 | 68.0%, 无需检测跳过: 34 | 28.999999999999996%, 检测失败: 3 | 3.0%, 
2022-04-16 14:01:28,844 - INFO -  requestId=BOp2w4tJA: 耗时：3.81秒, 目标总量: 12, 成功检测: 11 | 92.0%, 无需检测跳过: 0 | 0.0%, 检测失败: 1 | 8.0%, 
2022-04-16 14:01:28,844 - INFO -  requestId=BOp2w4tJA: 耗时：3.81秒, 目标总量: 12, 成功检测: 11 | 92.0%, 无需检测跳过: 0 | 0.0%, 检测失败: 1 | 8.0%, 
2022-04-16 14:01:28,844 - INFO -  requestId=BOp2w4tJA: 耗时：3.81秒, 目标总量: 12, 成功检测: 11 | 92.0%, 无需检测跳过: 0 | 0.0%, 检测失败: 1 | 8.0%, 
2022-04-16 14:01:28,844 - INFO -  requestId=BOp2w4tJA: 耗时：3.81秒, 目标总量: 12, 成功检测: 11 | 92.0%, 无需检测跳过: 0 | 0.0%, 检测失败: 1 | 8.0%, 
2022-04-16 14:01:28,844 - INFO -  requestId=BOp2w4tJA: 耗时：3.81秒, 目标总量: 12, 成功检测: 11 | 92.0%, 无需检测跳过: 0 | 0.0%, 检测失败: 1 | 8.0%, 
2022-04-16 14:01:28,844 - INFO -  requestId=BOp2w4tJA: 耗时：3.81秒, 目标总量: 12, 成功检测: 11 | 92.0%, 无需检测跳过: 0 | 0.0%, 检测失败: 1 | 8.0%, 
2022-04-16 14:01:28,844 - INFO -  requestId=BOp2w4tJA: 耗时：3.81秒, 目标总量: 12, 成功检测: 11 | 92.0%, 无需检测跳过: 0 | 0.0%, 检测失败: 1 | 8.0%, 
2022-04-16 14:01:28,844 - INFO -  requestId=BOp2w4tJA: 耗时：3.81秒, 目标总量: 12, 成功检测: 11 | 92.0%, 无需检测跳过: 0 | 0.0%, 检测失败: 1 | 8.0%, 
2022-04-16 14:01:28,844 - INFO -  requestId=BOp2w4tJA: 耗时：3.81秒, 目标总量: 12, 成功检测: 11 | 92.0%, 无需检测跳过: 0 | 0.0%, 检测失败: 1 | 8.0%, 
2022-04-16 14:01:28,844 - INFO -  requestId=BOp2w4tJA: 耗时：3.81秒, 目标总量: 12, 成功检测: 11 | 92.0%, 无需检测跳过: 0 | 0.0%, 检测失败: 1 | 8.0%, 
2022-04-16 14:01:58,888 - INFO -  requestId=XITaYm2Ty: 耗时：4.0秒, 目标总量: 12, 成功检测: 11 | 92.0%, 无需检测跳过: 0 | 0.0%, 检测失败: 1 | 8.0%, 
2022-04-16 14:01:58,888 - INFO -  requestId=XITaYm2Ty: 耗时：4.0秒, 目标总量: 12, 成功检测: 11 | 92.0%, 无需检测跳过: 0 | 0.0%, 检测失败: 1 | 8.0%, 
2022-04-16 14:01:58,888 - INFO -  requestId=XITaYm2Ty: 耗时：4.0秒, 目标总量: 12, 成功检测: 11 | 92.0%, 无需检测跳过: 0 | 0.0%, 检测失败: 1 | 8.0%, 
2022-04-16 14:01:58,888 - INFO -  requestId=XITaYm2Ty: 耗时：4.0秒, 目标总量: 12, 成功检测: 11 | 92.0%, 无需检测跳过: 0 | 0.0%, 检测失败: 1 | 8.0%, 
2022-04-16 14:01:58,888 - INFO -  requestId=XITaYm2Ty: 耗时：4.0秒, 目标总量: 12, 成功检测: 11 | 92.0%, 无需检测跳过: 0 | 0.0%, 检测失败: 1 | 8.0%, 
2022-04-16 14:01:58,888 - INFO -  requestId=XITaYm2Ty: 耗时：4.0秒, 目标总量: 12, 成功检测: 11 | 92.0%, 无需检测跳过: 0 | 0.0%, 检测失败: 1 | 8.0%, 
2022-04-16 14:01:58,888 - INFO -  requestId=XITaYm2Ty: 耗时：4.0秒, 目标总量: 12, 成功检测: 11 | 92.0%, 无需检测跳过: 0 | 0.0%, 检测失败: 1 | 8.0%, 
2022-04-16 14:01:58,888 - INFO -  requestId=XITaYm2Ty: 耗时：4.0秒, 目标总量: 12, 成功检测: 11 | 92.0%, 无需检测跳过: 0 | 0.0%, 检测失败: 1 | 8.0%, 
2022-04-16 14:01:58,888 - INFO -  requestId=XITaYm2Ty: 耗时：4.0秒, 目标总量: 12, 成功检测: 11 | 92.0%, 无需检测跳过: 0 | 0.0%, 检测失败: 1 | 8.0%, 
2022-04-16 14:01:58,888 - INFO -  requestId=XITaYm2Ty: 耗时：4.0秒, 目标总量: 12, 成功检测: 11 | 92.0%, 无需检测跳过: 0 | 0.0%, 检测失败: 1 | 8.0%, 
2022-04-16 14:01:58,888 - INFO -  requestId=XITaYm2Ty: 耗时：4.0秒, 目标总量: 12, 成功检测: 11 | 92.0%, 无需检测跳过: 0 | 0.0%, 检测失败: 1 | 8.0%, 
2022-04-16 14:05:15,910 - INFO -  requestId=YYHuFjAkZ: 耗时：6.41秒, 目标总量: 18, 成功检测: 18 | 100.0%, 无需检测跳过: 0 | 0.0%, 检测失败: 0 | 0.0%, 
2022-04-16 15:15:34,111 - INFO -  requestId=vZ2mbtIW9: 耗时：6.09秒, 目标总量: 26, 成功检测: 19 | 73.0%, 无需检测跳过: 0 | 0.0%, 检测失败: 7 | 27.0%, 
2022-04-16 15:19:42,310 - INFO -  requestId=E0Sqy6UMI: 耗时：81.21秒, 目标总量: 26, 成功检测: 19 | 73.0%, 无需检测跳过: 0 | 0.0%, 检测失败: 7 | 27.0%, 
2022-04-16 15:24:17,903 - INFO -  requestId=nurXPvAV_: 耗时：12.6秒, 目标总量: 51, 成功检测: 41 | 80.0%, 无需检测跳过: 0 | 0.0%, 检测失败: 10 | 20.0%, 
2022-04-16 16:21:59,948 - INFO -  requestId=lpxx0bHUg: 耗时：113.03秒, 目标总量: 251, 成功检测: 171 | 68.0%, 无需检测跳过: 0 | 0.0%, 检测失败: 80 | 32.0%, 
2022-04-16 16:27:11,740 - INFO -  requestId=az1agtIw8: 耗时：6.39秒, 目标总量: 26, 成功检测: 21 | 81.0%, 无需检测跳过: 0 | 0.0%, 检测失败: 5 | 19.0%, 
2022-04-16 16:27:11,740 - INFO -  requestId=az1agtIw8: 耗时：6.39秒, 目标总量: 26, 成功检测: 21 | 81.0%, 无需检测跳过: 0 | 0.0%, 检测失败: 5 | 19.0%, 
2022-04-16 16:35:57,397 - INFO -  requestId=to9kyTRca: 耗时：6.36秒, 目标总量: 20, 成功检测: 20 | 100.0%, 无需检测跳过: 0 | 0.0%, 检测失败: 0 | 0.0%, 
2022-04-16 16:35:57,397 - INFO -  requestId=to9kyTRca: 耗时：6.36秒, 目标总量: 20, 成功检测: 20 | 100.0%, 无需检测跳过: 0 | 0.0%, 检测失败: 0 | 0.0%, 
2022-04-16 16:35:57,397 - INFO -  requestId=to9kyTRca: 耗时：6.36秒, 目标总量: 20, 成功检测: 20 | 100.0%, 无需检测跳过: 0 | 0.0%, 检测失败: 0 | 0.0%, 
2022-04-16 16:37:05,002 - INFO -  requestId=rVJvsocl0: 耗时：9.45秒, 目标总量: 34, 成功检测: 30 | 88.0%, 无需检测跳过: 0 | 0.0%, 检测失败: 4 | 12.0%, 
2022-04-16 16:37:05,002 - INFO -  requestId=rVJvsocl0: 耗时：9.45秒, 目标总量: 34, 成功检测: 30 | 88.0%, 无需检测跳过: 0 | 0.0%, 检测失败: 4 | 12.0%, 
2022-04-16 16:37:05,002 - INFO -  requestId=rVJvsocl0: 耗时：9.45秒, 目标总量: 34, 成功检测: 30 | 88.0%, 无需检测跳过: 0 | 0.0%, 检测失败: 4 | 12.0%, 
2022-04-16 16:37:05,002 - INFO -  requestId=rVJvsocl0: 耗时：9.45秒, 目标总量: 34, 成功检测: 30 | 88.0%, 无需检测跳过: 0 | 0.0%, 检测失败: 4 | 12.0%, 
2022-04-16 16:38:20,968 - INFO -  requestId=Tp22fVGRV: 耗时：8.46秒, 目标总量: 34, 成功检测: 30 | 88.0%, 无需检测跳过: 0 | 0.0%, 检测失败: 4 | 12.0%, 
2022-04-16 16:38:20,968 - INFO -  requestId=Tp22fVGRV: 耗时：8.46秒, 目标总量: 34, 成功检测: 30 | 88.0%, 无需检测跳过: 0 | 0.0%, 检测失败: 4 | 12.0%, 
2022-04-16 16:38:20,968 - INFO -  requestId=Tp22fVGRV: 耗时：8.46秒, 目标总量: 34, 成功检测: 30 | 88.0%, 无需检测跳过: 0 | 0.0%, 检测失败: 4 | 12.0%, 
2022-04-16 16:38:20,968 - INFO -  requestId=Tp22fVGRV: 耗时：8.46秒, 目标总量: 34, 成功检测: 30 | 88.0%, 无需检测跳过: 0 | 0.0%, 检测失败: 4 | 12.0%, 
2022-04-16 16:38:20,968 - INFO -  requestId=Tp22fVGRV: 耗时：8.46秒, 目标总量: 34, 成功检测: 30 | 88.0%, 无需检测跳过: 0 | 0.0%, 检测失败: 4 | 12.0%, 
2022-04-16 17:24:01,529 - INFO -  requestId=HuWddHKGg: 耗时：7.61秒, 目标总量: 20, 成功检测: 20 | 100.0%, 无需检测跳过: 0 | 0.0%, 检测失败: 0 | 0.0%, 
2022-04-16 17:24:01,529 - INFO -  requestId=HuWddHKGg: 耗时：7.61秒, 目标总量: 20, 成功检测: 20 | 100.0%, 无需检测跳过: 0 | 0.0%, 检测失败: 0 | 0.0%, 
2022-04-16 17:24:01,529 - INFO -  requestId=HuWddHKGg: 耗时：7.61秒, 目标总量: 20, 成功检测: 20 | 100.0%, 无需检测跳过: 0 | 0.0%, 检测失败: 0 | 0.0%, 
2022-04-16 17:24:01,529 - INFO -  requestId=HuWddHKGg: 耗时：7.61秒, 目标总量: 20, 成功检测: 20 | 100.0%, 无需检测跳过: 0 | 0.0%, 检测失败: 0 | 0.0%, 
2022-04-16 17:24:01,529 - INFO -  requestId=HuWddHKGg: 耗时：7.61秒, 目标总量: 20, 成功检测: 20 | 100.0%, 无需检测跳过: 0 | 0.0%, 检测失败: 0 | 0.0%, 
2022-04-16 17:24:01,529 - INFO -  requestId=HuWddHKGg: 耗时：7.61秒, 目标总量: 20, 成功检测: 20 | 100.0%, 无需检测跳过: 0 | 0.0%, 检测失败: 0 | 0.0%, 
2022-04-16 17:27:08,969 - INFO -  requestId=DVztVXa28: 耗时：21.64秒, 目标总量: 33, 成功检测: 29 | 88.0%, 无需检测跳过: 0 | 0.0%, 检测失败: 4 | 12.0%, 
2022-04-16 17:27:08,969 - INFO -  requestId=DVztVXa28: 耗时：21.64秒, 目标总量: 33, 成功检测: 29 | 88.0%, 无需检测跳过: 0 | 0.0%, 检测失败: 4 | 12.0%, 
2022-04-16 17:27:08,969 - INFO -  requestId=DVztVXa28: 耗时：21.64秒, 目标总量: 33, 成功检测: 29 | 88.0%, 无需检测跳过: 0 | 0.0%, 检测失败: 4 | 12.0%, 
2022-04-16 17:27:08,969 - INFO -  requestId=DVztVXa28: 耗时：21.64秒, 目标总量: 33, 成功检测: 29 | 88.0%, 无需检测跳过: 0 | 0.0%, 检测失败: 4 | 12.0%, 
2022-04-16 17:27:08,969 - INFO -  requestId=DVztVXa28: 耗时：21.64秒, 目标总量: 33, 成功检测: 29 | 88.0%, 无需检测跳过: 0 | 0.0%, 检测失败: 4 | 12.0%, 
2022-04-16 17:27:08,969 - INFO -  requestId=DVztVXa28: 耗时：21.64秒, 目标总量: 33, 成功检测: 29 | 88.0%, 无需检测跳过: 0 | 0.0%, 检测失败: 4 | 12.0%, 
2022-04-16 17:27:08,969 - INFO -  requestId=DVztVXa28: 耗时：21.64秒, 目标总量: 33, 成功检测: 29 | 88.0%, 无需检测跳过: 0 | 0.0%, 检测失败: 4 | 12.0%, 
2022-04-16 17:29:59,464 - INFO -  requestId=IXvgVcB03: 耗时：9.24秒, 目标总量: 29, 成功检测: 29 | 100.0%, 无需检测跳过: 0 | 0.0%, 检测失败: 0 | 0.0%, 
2022-04-16 17:29:59,464 - INFO -  requestId=IXvgVcB03: 耗时：9.24秒, 目标总量: 29, 成功检测: 29 | 100.0%, 无需检测跳过: 0 | 0.0%, 检测失败: 0 | 0.0%, 
2022-04-16 17:29:59,464 - INFO -  requestId=IXvgVcB03: 耗时：9.24秒, 目标总量: 29, 成功检测: 29 | 100.0%, 无需检测跳过: 0 | 0.0%, 检测失败: 0 | 0.0%, 
2022-04-16 17:29:59,464 - INFO -  requestId=IXvgVcB03: 耗时：9.24秒, 目标总量: 29, 成功检测: 29 | 100.0%, 无需检测跳过: 0 | 0.0%, 检测失败: 0 | 0.0%, 
2022-04-16 17:29:59,464 - INFO -  requestId=IXvgVcB03: 耗时：9.24秒, 目标总量: 29, 成功检测: 29 | 100.0%, 无需检测跳过: 0 | 0.0%, 检测失败: 0 | 0.0%, 
2022-04-16 17:29:59,464 - INFO -  requestId=IXvgVcB03: 耗时：9.24秒, 目标总量: 29, 成功检测: 29 | 100.0%, 无需检测跳过: 0 | 0.0%, 检测失败: 0 | 0.0%, 
2022-04-16 17:29:59,464 - INFO -  requestId=IXvgVcB03: 耗时：9.24秒, 目标总量: 29, 成功检测: 29 | 100.0%, 无需检测跳过: 0 | 0.0%, 检测失败: 0 | 0.0%, 
2022-04-16 17:29:59,464 - INFO -  requestId=IXvgVcB03: 耗时：9.24秒, 目标总量: 29, 成功检测: 29 | 100.0%, 无需检测跳过: 0 | 0.0%, 检测失败: 0 | 0.0%, 
2022-04-16 17:31:28,474 - INFO -  requestId=FdhmczVso: 耗时：7.96秒, 目标总量: 33, 成功检测: 29 | 88.0%, 无需检测跳过: 0 | 0.0%, 检测失败: 4 | 12.0%, 
2022-04-16 17:31:28,474 - INFO -  requestId=FdhmczVso: 耗时：7.96秒, 目标总量: 33, 成功检测: 29 | 88.0%, 无需检测跳过: 0 | 0.0%, 检测失败: 4 | 12.0%, 
2022-04-16 17:31:28,474 - INFO -  requestId=FdhmczVso: 耗时：7.96秒, 目标总量: 33, 成功检测: 29 | 88.0%, 无需检测跳过: 0 | 0.0%, 检测失败: 4 | 12.0%, 
2022-04-16 17:31:28,474 - INFO -  requestId=FdhmczVso: 耗时：7.96秒, 目标总量: 33, 成功检测: 29 | 88.0%, 无需检测跳过: 0 | 0.0%, 检测失败: 4 | 12.0%, 
2022-04-16 17:31:28,474 - INFO -  requestId=FdhmczVso: 耗时：7.96秒, 目标总量: 33, 成功检测: 29 | 88.0%, 无需检测跳过: 0 | 0.0%, 检测失败: 4 | 12.0%, 
2022-04-16 17:31:28,474 - INFO -  requestId=FdhmczVso: 耗时：7.96秒, 目标总量: 33, 成功检测: 29 | 88.0%, 无需检测跳过: 0 | 0.0%, 检测失败: 4 | 12.0%, 
2022-04-16 17:31:28,474 - INFO -  requestId=FdhmczVso: 耗时：7.96秒, 目标总量: 33, 成功检测: 29 | 88.0%, 无需检测跳过: 0 | 0.0%, 检测失败: 4 | 12.0%, 
2022-04-16 17:31:28,474 - INFO -  requestId=FdhmczVso: 耗时：7.96秒, 目标总量: 33, 成功检测: 29 | 88.0%, 无需检测跳过: 0 | 0.0%, 检测失败: 4 | 12.0%, 
2022-04-16 17:31:28,474 - INFO -  requestId=FdhmczVso: 耗时：7.96秒, 目标总量: 33, 成功检测: 29 | 88.0%, 无需检测跳过: 0 | 0.0%, 检测失败: 4 | 12.0%, 
2022-04-16 20:19:30,098 - INFO -  requestId=eqzpMBknR: 耗时：15.35秒, 目标总量: 29, 成功检测: 29 | 100.0%, 无需检测跳过: 0 | 0.0%, 检测失败: 0 | 0.0%, 
2022-04-16 20:19:30,098 - INFO -  requestId=eqzpMBknR: 耗时：15.35秒, 目标总量: 29, 成功检测: 29 | 100.0%, 无需检测跳过: 0 | 0.0%, 检测失败: 0 | 0.0%, 
2022-04-16 20:19:30,098 - INFO -  requestId=eqzpMBknR: 耗时：15.35秒, 目标总量: 29, 成功检测: 29 | 100.0%, 无需检测跳过: 0 | 0.0%, 检测失败: 0 | 0.0%, 
2022-04-16 20:19:30,098 - INFO -  requestId=eqzpMBknR: 耗时：15.35秒, 目标总量: 29, 成功检测: 29 | 100.0%, 无需检测跳过: 0 | 0.0%, 检测失败: 0 | 0.0%, 
2022-04-16 20:19:30,098 - INFO -  requestId=eqzpMBknR: 耗时：15.35秒, 目标总量: 29, 成功检测: 29 | 100.0%, 无需检测跳过: 0 | 0.0%, 检测失败: 0 | 0.0%, 
2022-04-16 20:19:30,098 - INFO -  requestId=eqzpMBknR: 耗时：15.35秒, 目标总量: 29, 成功检测: 29 | 100.0%, 无需检测跳过: 0 | 0.0%, 检测失败: 0 | 0.0%, 
2022-04-16 20:19:30,098 - INFO -  requestId=eqzpMBknR: 耗时：15.35秒, 目标总量: 29, 成功检测: 29 | 100.0%, 无需检测跳过: 0 | 0.0%, 检测失败: 0 | 0.0%, 
2022-04-16 20:19:30,098 - INFO -  requestId=eqzpMBknR: 耗时：15.35秒, 目标总量: 29, 成功检测: 29 | 100.0%, 无需检测跳过: 0 | 0.0%, 检测失败: 0 | 0.0%, 
2022-04-16 20:19:30,098 - INFO -  requestId=eqzpMBknR: 耗时：15.35秒, 目标总量: 29, 成功检测: 29 | 100.0%, 无需检测跳过: 0 | 0.0%, 检测失败: 0 | 0.0%, 
2022-04-16 20:19:30,098 - INFO -  requestId=eqzpMBknR: 耗时：15.35秒, 目标总量: 29, 成功检测: 29 | 100.0%, 无需检测跳过: 0 | 0.0%, 检测失败: 0 | 0.0%, 
2022-04-16 20:31:45,929 - INFO -  requestId=7-06Uncl7: 耗时：18.59秒, 目标总量: 39, 成功检测: 35 | 90.0%, 无需检测跳过: 0 | 0.0%, 检测失败: 4 | 10.0%, 
2022-04-16 20:31:45,929 - INFO -  requestId=7-06Uncl7: 耗时：18.59秒, 目标总量: 39, 成功检测: 35 | 90.0%, 无需检测跳过: 0 | 0.0%, 检测失败: 4 | 10.0%, 
2022-04-16 20:31:45,929 - INFO -  requestId=7-06Uncl7: 耗时：18.59秒, 目标总量: 39, 成功检测: 35 | 90.0%, 无需检测跳过: 0 | 0.0%, 检测失败: 4 | 10.0%, 
2022-04-16 20:31:45,929 - INFO -  requestId=7-06Uncl7: 耗时：18.59秒, 目标总量: 39, 成功检测: 35 | 90.0%, 无需检测跳过: 0 | 0.0%, 检测失败: 4 | 10.0%, 
2022-04-16 20:31:45,929 - INFO -  requestId=7-06Uncl7: 耗时：18.59秒, 目标总量: 39, 成功检测: 35 | 90.0%, 无需检测跳过: 0 | 0.0%, 检测失败: 4 | 10.0%, 
2022-04-16 20:31:45,929 - INFO -  requestId=7-06Uncl7: 耗时：18.59秒, 目标总量: 39, 成功检测: 35 | 90.0%, 无需检测跳过: 0 | 0.0%, 检测失败: 4 | 10.0%, 
2022-04-16 20:31:45,929 - INFO -  requestId=7-06Uncl7: 耗时：18.59秒, 目标总量: 39, 成功检测: 35 | 90.0%, 无需检测跳过: 0 | 0.0%, 检测失败: 4 | 10.0%, 
2022-04-16 20:31:45,929 - INFO -  requestId=7-06Uncl7: 耗时：18.59秒, 目标总量: 39, 成功检测: 35 | 90.0%, 无需检测跳过: 0 | 0.0%, 检测失败: 4 | 10.0%, 
2022-04-16 20:31:45,929 - INFO -  requestId=7-06Uncl7: 耗时：18.59秒, 目标总量: 39, 成功检测: 35 | 90.0%, 无需检测跳过: 0 | 0.0%, 检测失败: 4 | 10.0%, 
2022-04-16 20:31:45,929 - INFO -  requestId=7-06Uncl7: 耗时：18.59秒, 目标总量: 39, 成功检测: 35 | 90.0%, 无需检测跳过: 0 | 0.0%, 检测失败: 4 | 10.0%, 
2022-04-16 20:31:45,929 - INFO -  requestId=7-06Uncl7: 耗时：18.59秒, 目标总量: 39, 成功检测: 35 | 90.0%, 无需检测跳过: 0 | 0.0%, 检测失败: 4 | 10.0%, 
2022-04-16 20:40:48,436 - INFO -  requestId=KA5Fwa3Y3: 耗时：13.0秒, 目标总量: 29, 成功检测: 29 | 100.0%, 无需检测跳过: 0 | 0.0%, 检测失败: 0 | 0.0%, 
2022-04-16 20:40:48,436 - INFO -  requestId=KA5Fwa3Y3: 耗时：13.0秒, 目标总量: 29, 成功检测: 29 | 100.0%, 无需检测跳过: 0 | 0.0%, 检测失败: 0 | 0.0%, 
2022-04-16 20:40:48,436 - INFO -  requestId=KA5Fwa3Y3: 耗时：13.0秒, 目标总量: 29, 成功检测: 29 | 100.0%, 无需检测跳过: 0 | 0.0%, 检测失败: 0 | 0.0%, 
2022-04-16 20:40:48,436 - INFO -  requestId=KA5Fwa3Y3: 耗时：13.0秒, 目标总量: 29, 成功检测: 29 | 100.0%, 无需检测跳过: 0 | 0.0%, 检测失败: 0 | 0.0%, 
2022-04-16 20:40:48,436 - INFO -  requestId=KA5Fwa3Y3: 耗时：13.0秒, 目标总量: 29, 成功检测: 29 | 100.0%, 无需检测跳过: 0 | 0.0%, 检测失败: 0 | 0.0%, 
2022-04-16 20:40:48,436 - INFO -  requestId=KA5Fwa3Y3: 耗时：13.0秒, 目标总量: 29, 成功检测: 29 | 100.0%, 无需检测跳过: 0 | 0.0%, 检测失败: 0 | 0.0%, 
2022-04-16 20:40:48,436 - INFO -  requestId=KA5Fwa3Y3: 耗时：13.0秒, 目标总量: 29, 成功检测: 29 | 100.0%, 无需检测跳过: 0 | 0.0%, 检测失败: 0 | 0.0%, 
2022-04-16 20:40:48,436 - INFO -  requestId=KA5Fwa3Y3: 耗时：13.0秒, 目标总量: 29, 成功检测: 29 | 100.0%, 无需检测跳过: 0 | 0.0%, 检测失败: 0 | 0.0%, 
2022-04-16 20:40:48,436 - INFO -  requestId=KA5Fwa3Y3: 耗时：13.0秒, 目标总量: 29, 成功检测: 29 | 100.0%, 无需检测跳过: 0 | 0.0%, 检测失败: 0 | 0.0%, 
2022-04-16 20:40:48,436 - INFO -  requestId=KA5Fwa3Y3: 耗时：13.0秒, 目标总量: 29, 成功检测: 29 | 100.0%, 无需检测跳过: 0 | 0.0%, 检测失败: 0 | 0.0%, 
2022-04-16 20:40:48,436 - INFO -  requestId=KA5Fwa3Y3: 耗时：13.0秒, 目标总量: 29, 成功检测: 29 | 100.0%, 无需检测跳过: 0 | 0.0%, 检测失败: 0 | 0.0%, 
2022-04-16 20:40:48,436 - INFO -  requestId=KA5Fwa3Y3: 耗时：13.0秒, 目标总量: 29, 成功检测: 29 | 100.0%, 无需检测跳过: 0 | 0.0%, 检测失败: 0 | 0.0%, 
2022-04-16 20:53:51,352 - INFO -  requestId=BIhJWkZvh: 耗时：16.08秒, 目标总量: 32, 成功检测: 28 | 88.0%, 无需检测跳过: 0 | 0.0%, 检测失败: 4 | 12.0%, 
2022-04-16 20:53:51,352 - INFO -  requestId=BIhJWkZvh: 耗时：16.08秒, 目标总量: 32, 成功检测: 28 | 88.0%, 无需检测跳过: 0 | 0.0%, 检测失败: 4 | 12.0%, 
2022-04-16 20:53:51,352 - INFO -  requestId=BIhJWkZvh: 耗时：16.08秒, 目标总量: 32, 成功检测: 28 | 88.0%, 无需检测跳过: 0 | 0.0%, 检测失败: 4 | 12.0%, 
2022-04-16 20:53:51,352 - INFO -  requestId=BIhJWkZvh: 耗时：16.08秒, 目标总量: 32, 成功检测: 28 | 88.0%, 无需检测跳过: 0 | 0.0%, 检测失败: 4 | 12.0%, 
2022-04-16 20:53:51,352 - INFO -  requestId=BIhJWkZvh: 耗时：16.08秒, 目标总量: 32, 成功检测: 28 | 88.0%, 无需检测跳过: 0 | 0.0%, 检测失败: 4 | 12.0%, 
2022-04-16 20:53:51,352 - INFO -  requestId=BIhJWkZvh: 耗时：16.08秒, 目标总量: 32, 成功检测: 28 | 88.0%, 无需检测跳过: 0 | 0.0%, 检测失败: 4 | 12.0%, 
2022-04-16 20:53:51,352 - INFO -  requestId=BIhJWkZvh: 耗时：16.08秒, 目标总量: 32, 成功检测: 28 | 88.0%, 无需检测跳过: 0 | 0.0%, 检测失败: 4 | 12.0%, 
2022-04-16 20:53:51,352 - INFO -  requestId=BIhJWkZvh: 耗时：16.08秒, 目标总量: 32, 成功检测: 28 | 88.0%, 无需检测跳过: 0 | 0.0%, 检测失败: 4 | 12.0%, 
2022-04-16 20:53:51,352 - INFO -  requestId=BIhJWkZvh: 耗时：16.08秒, 目标总量: 32, 成功检测: 28 | 88.0%, 无需检测跳过: 0 | 0.0%, 检测失败: 4 | 12.0%, 
2022-04-16 20:53:51,352 - INFO -  requestId=BIhJWkZvh: 耗时：16.08秒, 目标总量: 32, 成功检测: 28 | 88.0%, 无需检测跳过: 0 | 0.0%, 检测失败: 4 | 12.0%, 
2022-04-16 20:53:51,352 - INFO -  requestId=BIhJWkZvh: 耗时：16.08秒, 目标总量: 32, 成功检测: 28 | 88.0%, 无需检测跳过: 0 | 0.0%, 检测失败: 4 | 12.0%, 
2022-04-16 20:53:51,352 - INFO -  requestId=BIhJWkZvh: 耗时：16.08秒, 目标总量: 32, 成功检测: 28 | 88.0%, 无需检测跳过: 0 | 0.0%, 检测失败: 4 | 12.0%, 
2022-04-16 20:53:51,352 - INFO -  requestId=BIhJWkZvh: 耗时：16.08秒, 目标总量: 32, 成功检测: 28 | 88.0%, 无需检测跳过: 0 | 0.0%, 检测失败: 4 | 12.0%, 
2022-04-16 21:01:09,593 - INFO -  requestId=3cPzrPYKa: 耗时：351.72秒, 目标总量: 29, 成功检测: 28 | 97.0%, 无需检测跳过: 0 | 0.0%, 检测失败: 1 | 3.0%, 
2022-04-16 21:01:09,593 - INFO -  requestId=3cPzrPYKa: 耗时：351.72秒, 目标总量: 29, 成功检测: 28 | 97.0%, 无需检测跳过: 0 | 0.0%, 检测失败: 1 | 3.0%, 
2022-04-16 21:01:09,593 - INFO -  requestId=3cPzrPYKa: 耗时：351.72秒, 目标总量: 29, 成功检测: 28 | 97.0%, 无需检测跳过: 0 | 0.0%, 检测失败: 1 | 3.0%, 
2022-04-16 21:01:09,593 - INFO -  requestId=3cPzrPYKa: 耗时：351.72秒, 目标总量: 29, 成功检测: 28 | 97.0%, 无需检测跳过: 0 | 0.0%, 检测失败: 1 | 3.0%, 
2022-04-16 21:01:09,593 - INFO -  requestId=3cPzrPYKa: 耗时：351.72秒, 目标总量: 29, 成功检测: 28 | 97.0%, 无需检测跳过: 0 | 0.0%, 检测失败: 1 | 3.0%, 
2022-04-16 21:01:09,593 - INFO -  requestId=3cPzrPYKa: 耗时：351.72秒, 目标总量: 29, 成功检测: 28 | 97.0%, 无需检测跳过: 0 | 0.0%, 检测失败: 1 | 3.0%, 
2022-04-16 21:01:09,593 - INFO -  requestId=3cPzrPYKa: 耗时：351.72秒, 目标总量: 29, 成功检测: 28 | 97.0%, 无需检测跳过: 0 | 0.0%, 检测失败: 1 | 3.0%, 
2022-04-16 21:01:09,593 - INFO -  requestId=3cPzrPYKa: 耗时：351.72秒, 目标总量: 29, 成功检测: 28 | 97.0%, 无需检测跳过: 0 | 0.0%, 检测失败: 1 | 3.0%, 
2022-04-16 21:01:09,593 - INFO -  requestId=3cPzrPYKa: 耗时：351.72秒, 目标总量: 29, 成功检测: 28 | 97.0%, 无需检测跳过: 0 | 0.0%, 检测失败: 1 | 3.0%, 
2022-04-16 21:01:09,593 - INFO -  requestId=3cPzrPYKa: 耗时：351.72秒, 目标总量: 29, 成功检测: 28 | 97.0%, 无需检测跳过: 0 | 0.0%, 检测失败: 1 | 3.0%, 
2022-04-16 21:01:09,593 - INFO -  requestId=3cPzrPYKa: 耗时：351.72秒, 目标总量: 29, 成功检测: 28 | 97.0%, 无需检测跳过: 0 | 0.0%, 检测失败: 1 | 3.0%, 
2022-04-16 21:01:09,593 - INFO -  requestId=3cPzrPYKa: 耗时：351.72秒, 目标总量: 29, 成功检测: 28 | 97.0%, 无需检测跳过: 0 | 0.0%, 检测失败: 1 | 3.0%, 
2022-04-16 21:01:09,593 - INFO -  requestId=3cPzrPYKa: 耗时：351.72秒, 目标总量: 29, 成功检测: 28 | 97.0%, 无需检测跳过: 0 | 0.0%, 检测失败: 1 | 3.0%, 
2022-04-16 21:01:09,593 - INFO -  requestId=3cPzrPYKa: 耗时：351.72秒, 目标总量: 29, 成功检测: 28 | 97.0%, 无需检测跳过: 0 | 0.0%, 检测失败: 1 | 3.0%, 
2022-04-16 21:10:49,535 - INFO -  requestId=q7SYURDgQ: 耗时：12.39秒, 目标总量: 26, 成功检测: 21 | 81.0%, 无需检测跳过: 0 | 0.0%, 检测失败: 5 | 19.0%, 
2022-04-16 21:10:49,535 - INFO -  requestId=q7SYURDgQ: 耗时：12.39秒, 目标总量: 26, 成功检测: 21 | 81.0%, 无需检测跳过: 0 | 0.0%, 检测失败: 5 | 19.0%, 
2022-04-16 21:10:49,535 - INFO -  requestId=q7SYURDgQ: 耗时：12.39秒, 目标总量: 26, 成功检测: 21 | 81.0%, 无需检测跳过: 0 | 0.0%, 检测失败: 5 | 19.0%, 
2022-04-16 21:10:49,535 - INFO -  requestId=q7SYURDgQ: 耗时：12.39秒, 目标总量: 26, 成功检测: 21 | 81.0%, 无需检测跳过: 0 | 0.0%, 检测失败: 5 | 19.0%, 
2022-04-16 21:10:49,535 - INFO -  requestId=q7SYURDgQ: 耗时：12.39秒, 目标总量: 26, 成功检测: 21 | 81.0%, 无需检测跳过: 0 | 0.0%, 检测失败: 5 | 19.0%, 
2022-04-16 21:10:49,535 - INFO -  requestId=q7SYURDgQ: 耗时：12.39秒, 目标总量: 26, 成功检测: 21 | 81.0%, 无需检测跳过: 0 | 0.0%, 检测失败: 5 | 19.0%, 
2022-04-16 21:10:49,535 - INFO -  requestId=q7SYURDgQ: 耗时：12.39秒, 目标总量: 26, 成功检测: 21 | 81.0%, 无需检测跳过: 0 | 0.0%, 检测失败: 5 | 19.0%, 
2022-04-16 21:10:49,535 - INFO -  requestId=q7SYURDgQ: 耗时：12.39秒, 目标总量: 26, 成功检测: 21 | 81.0%, 无需检测跳过: 0 | 0.0%, 检测失败: 5 | 19.0%, 
2022-04-16 21:10:49,535 - INFO -  requestId=q7SYURDgQ: 耗时：12.39秒, 目标总量: 26, 成功检测: 21 | 81.0%, 无需检测跳过: 0 | 0.0%, 检测失败: 5 | 19.0%, 
2022-04-16 21:10:49,535 - INFO -  requestId=q7SYURDgQ: 耗时：12.39秒, 目标总量: 26, 成功检测: 21 | 81.0%, 无需检测跳过: 0 | 0.0%, 检测失败: 5 | 19.0%, 
2022-04-16 21:10:49,535 - INFO -  requestId=q7SYURDgQ: 耗时：12.39秒, 目标总量: 26, 成功检测: 21 | 81.0%, 无需检测跳过: 0 | 0.0%, 检测失败: 5 | 19.0%, 
2022-04-16 21:10:49,535 - INFO -  requestId=q7SYURDgQ: 耗时：12.39秒, 目标总量: 26, 成功检测: 21 | 81.0%, 无需检测跳过: 0 | 0.0%, 检测失败: 5 | 19.0%, 
2022-04-16 21:10:49,535 - INFO -  requestId=q7SYURDgQ: 耗时：12.39秒, 目标总量: 26, 成功检测: 21 | 81.0%, 无需检测跳过: 0 | 0.0%, 检测失败: 5 | 19.0%, 
2022-04-16 21:10:49,535 - INFO -  requestId=q7SYURDgQ: 耗时：12.39秒, 目标总量: 26, 成功检测: 21 | 81.0%, 无需检测跳过: 0 | 0.0%, 检测失败: 5 | 19.0%, 
2022-04-16 21:10:49,535 - INFO -  requestId=q7SYURDgQ: 耗时：12.39秒, 目标总量: 26, 成功检测: 21 | 81.0%, 无需检测跳过: 0 | 0.0%, 检测失败: 5 | 19.0%, 
2022-04-16 21:14:08,557 - INFO -  requestId=jIVHSr9-z: 耗时：174.29秒, 目标总量: 251, 成功检测: 170 | 68.0%, 无需检测跳过: 0 | 0.0%, 检测失败: 81 | 32.0%, 
2022-04-16 21:14:08,557 - INFO -  requestId=jIVHSr9-z: 耗时：174.29秒, 目标总量: 251, 成功检测: 170 | 68.0%, 无需检测跳过: 0 | 0.0%, 检测失败: 81 | 32.0%, 
2022-04-16 21:14:08,557 - INFO -  requestId=jIVHSr9-z: 耗时：174.29秒, 目标总量: 251, 成功检测: 170 | 68.0%, 无需检测跳过: 0 | 0.0%, 检测失败: 81 | 32.0%, 
2022-04-16 21:14:08,557 - INFO -  requestId=jIVHSr9-z: 耗时：174.29秒, 目标总量: 251, 成功检测: 170 | 68.0%, 无需检测跳过: 0 | 0.0%, 检测失败: 81 | 32.0%, 
2022-04-16 21:14:08,557 - INFO -  requestId=jIVHSr9-z: 耗时：174.29秒, 目标总量: 251, 成功检测: 170 | 68.0%, 无需检测跳过: 0 | 0.0%, 检测失败: 81 | 32.0%, 
2022-04-16 21:14:08,557 - INFO -  requestId=jIVHSr9-z: 耗时：174.29秒, 目标总量: 251, 成功检测: 170 | 68.0%, 无需检测跳过: 0 | 0.0%, 检测失败: 81 | 32.0%, 
2022-04-16 21:14:08,557 - INFO -  requestId=jIVHSr9-z: 耗时：174.29秒, 目标总量: 251, 成功检测: 170 | 68.0%, 无需检测跳过: 0 | 0.0%, 检测失败: 81 | 32.0%, 
2022-04-16 21:14:08,557 - INFO -  requestId=jIVHSr9-z: 耗时：174.29秒, 目标总量: 251, 成功检测: 170 | 68.0%, 无需检测跳过: 0 | 0.0%, 检测失败: 81 | 32.0%, 
2022-04-16 21:14:08,557 - INFO -  requestId=jIVHSr9-z: 耗时：174.29秒, 目标总量: 251, 成功检测: 170 | 68.0%, 无需检测跳过: 0 | 0.0%, 检测失败: 81 | 32.0%, 
2022-04-16 21:14:08,557 - INFO -  requestId=jIVHSr9-z: 耗时：174.29秒, 目标总量: 251, 成功检测: 170 | 68.0%, 无需检测跳过: 0 | 0.0%, 检测失败: 81 | 32.0%, 
2022-04-16 21:14:08,557 - INFO -  requestId=jIVHSr9-z: 耗时：174.29秒, 目标总量: 251, 成功检测: 170 | 68.0%, 无需检测跳过: 0 | 0.0%, 检测失败: 81 | 32.0%, 
2022-04-16 21:14:08,557 - INFO -  requestId=jIVHSr9-z: 耗时：174.29秒, 目标总量: 251, 成功检测: 170 | 68.0%, 无需检测跳过: 0 | 0.0%, 检测失败: 81 | 32.0%, 
2022-04-16 21:14:08,557 - INFO -  requestId=jIVHSr9-z: 耗时：174.29秒, 目标总量: 251, 成功检测: 170 | 68.0%, 无需检测跳过: 0 | 0.0%, 检测失败: 81 | 32.0%, 
2022-04-16 21:14:08,557 - INFO -  requestId=jIVHSr9-z: 耗时：174.29秒, 目标总量: 251, 成功检测: 170 | 68.0%, 无需检测跳过: 0 | 0.0%, 检测失败: 81 | 32.0%, 
2022-04-16 21:14:08,557 - INFO -  requestId=jIVHSr9-z: 耗时：174.29秒, 目标总量: 251, 成功检测: 170 | 68.0%, 无需检测跳过: 0 | 0.0%, 检测失败: 81 | 32.0%, 
2022-04-16 21:14:08,557 - INFO -  requestId=jIVHSr9-z: 耗时：174.29秒, 目标总量: 251, 成功检测: 170 | 68.0%, 无需检测跳过: 0 | 0.0%, 检测失败: 81 | 32.0%, 
2022-04-16 21:54:30,980 - INFO -  requestId=J0GgLGkXG: 耗时：28.02秒, 目标总量: 28, 成功检测: 28 | 100.0%, 无需检测跳过: 0 | 0.0%, 检测失败: 0 | 0.0%, 
2022-04-16 21:54:30,980 - INFO -  requestId=J0GgLGkXG: 耗时：28.02秒, 目标总量: 28, 成功检测: 28 | 100.0%, 无需检测跳过: 0 | 0.0%, 检测失败: 0 | 0.0%, 
2022-04-16 21:54:30,980 - INFO -  requestId=J0GgLGkXG: 耗时：28.02秒, 目标总量: 28, 成功检测: 28 | 100.0%, 无需检测跳过: 0 | 0.0%, 检测失败: 0 | 0.0%, 
2022-04-16 21:54:30,980 - INFO -  requestId=J0GgLGkXG: 耗时：28.02秒, 目标总量: 28, 成功检测: 28 | 100.0%, 无需检测跳过: 0 | 0.0%, 检测失败: 0 | 0.0%, 
2022-04-16 21:54:30,980 - INFO -  requestId=J0GgLGkXG: 耗时：28.02秒, 目标总量: 28, 成功检测: 28 | 100.0%, 无需检测跳过: 0 | 0.0%, 检测失败: 0 | 0.0%, 
2022-04-16 21:54:30,980 - INFO -  requestId=J0GgLGkXG: 耗时：28.02秒, 目标总量: 28, 成功检测: 28 | 100.0%, 无需检测跳过: 0 | 0.0%, 检测失败: 0 | 0.0%, 
2022-04-16 21:54:30,980 - INFO -  requestId=J0GgLGkXG: 耗时：28.02秒, 目标总量: 28, 成功检测: 28 | 100.0%, 无需检测跳过: 0 | 0.0%, 检测失败: 0 | 0.0%, 
2022-04-16 21:54:30,980 - INFO -  requestId=J0GgLGkXG: 耗时：28.02秒, 目标总量: 28, 成功检测: 28 | 100.0%, 无需检测跳过: 0 | 0.0%, 检测失败: 0 | 0.0%, 
2022-04-16 21:54:30,980 - INFO -  requestId=J0GgLGkXG: 耗时：28.02秒, 目标总量: 28, 成功检测: 28 | 100.0%, 无需检测跳过: 0 | 0.0%, 检测失败: 0 | 0.0%, 
2022-04-16 21:54:30,980 - INFO -  requestId=J0GgLGkXG: 耗时：28.02秒, 目标总量: 28, 成功检测: 28 | 100.0%, 无需检测跳过: 0 | 0.0%, 检测失败: 0 | 0.0%, 
2022-04-16 21:54:30,980 - INFO -  requestId=J0GgLGkXG: 耗时：28.02秒, 目标总量: 28, 成功检测: 28 | 100.0%, 无需检测跳过: 0 | 0.0%, 检测失败: 0 | 0.0%, 
2022-04-16 21:54:30,980 - INFO -  requestId=J0GgLGkXG: 耗时：28.02秒, 目标总量: 28, 成功检测: 28 | 100.0%, 无需检测跳过: 0 | 0.0%, 检测失败: 0 | 0.0%, 
2022-04-16 21:54:30,980 - INFO -  requestId=J0GgLGkXG: 耗时：28.02秒, 目标总量: 28, 成功检测: 28 | 100.0%, 无需检测跳过: 0 | 0.0%, 检测失败: 0 | 0.0%, 
2022-04-16 21:54:30,980 - INFO -  requestId=J0GgLGkXG: 耗时：28.02秒, 目标总量: 28, 成功检测: 28 | 100.0%, 无需检测跳过: 0 | 0.0%, 检测失败: 0 | 0.0%, 
2022-04-16 21:54:30,980 - INFO -  requestId=J0GgLGkXG: 耗时：28.02秒, 目标总量: 28, 成功检测: 28 | 100.0%, 无需检测跳过: 0 | 0.0%, 检测失败: 0 | 0.0%, 
2022-04-16 21:54:30,980 - INFO -  requestId=J0GgLGkXG: 耗时：28.02秒, 目标总量: 28, 成功检测: 28 | 100.0%, 无需检测跳过: 0 | 0.0%, 检测失败: 0 | 0.0%, 
2022-04-16 21:54:30,980 - INFO -  requestId=J0GgLGkXG: 耗时：28.02秒, 目标总量: 28, 成功检测: 28 | 100.0%, 无需检测跳过: 0 | 0.0%, 检测失败: 0 | 0.0%, 
2022-04-16 22:22:02,986 - INFO -  requestId=S0d6V-lEE: 耗时：6.1秒, 目标总量: 19, 成功检测: 19 | 100.0%, 无需检测跳过: 0 | 0.0%, 检测失败: 0 | 0.0%, 
2022-04-16 22:22:02,986 - INFO -  requestId=S0d6V-lEE: 耗时：6.1秒, 目标总量: 19, 成功检测: 19 | 100.0%, 无需检测跳过: 0 | 0.0%, 检测失败: 0 | 0.0%, 
2022-04-16 22:22:02,986 - INFO -  requestId=S0d6V-lEE: 耗时：6.1秒, 目标总量: 19, 成功检测: 19 | 100.0%, 无需检测跳过: 0 | 0.0%, 检测失败: 0 | 0.0%, 
2022-04-16 22:22:02,986 - INFO -  requestId=S0d6V-lEE: 耗时：6.1秒, 目标总量: 19, 成功检测: 19 | 100.0%, 无需检测跳过: 0 | 0.0%, 检测失败: 0 | 0.0%, 
2022-04-16 22:22:02,986 - INFO -  requestId=S0d6V-lEE: 耗时：6.1秒, 目标总量: 19, 成功检测: 19 | 100.0%, 无需检测跳过: 0 | 0.0%, 检测失败: 0 | 0.0%, 
2022-04-16 22:22:02,986 - INFO -  requestId=S0d6V-lEE: 耗时：6.1秒, 目标总量: 19, 成功检测: 19 | 100.0%, 无需检测跳过: 0 | 0.0%, 检测失败: 0 | 0.0%, 
2022-04-16 22:22:02,986 - INFO -  requestId=S0d6V-lEE: 耗时：6.1秒, 目标总量: 19, 成功检测: 19 | 100.0%, 无需检测跳过: 0 | 0.0%, 检测失败: 0 | 0.0%, 
2022-04-16 22:22:02,986 - INFO -  requestId=S0d6V-lEE: 耗时：6.1秒, 目标总量: 19, 成功检测: 19 | 100.0%, 无需检测跳过: 0 | 0.0%, 检测失败: 0 | 0.0%, 
2022-04-16 22:22:02,986 - INFO -  requestId=S0d6V-lEE: 耗时：6.1秒, 目标总量: 19, 成功检测: 19 | 100.0%, 无需检测跳过: 0 | 0.0%, 检测失败: 0 | 0.0%, 
2022-04-16 22:22:02,986 - INFO -  requestId=S0d6V-lEE: 耗时：6.1秒, 目标总量: 19, 成功检测: 19 | 100.0%, 无需检测跳过: 0 | 0.0%, 检测失败: 0 | 0.0%, 
2022-04-16 22:22:02,986 - INFO -  requestId=S0d6V-lEE: 耗时：6.1秒, 目标总量: 19, 成功检测: 19 | 100.0%, 无需检测跳过: 0 | 0.0%, 检测失败: 0 | 0.0%, 
2022-04-16 22:22:02,986 - INFO -  requestId=S0d6V-lEE: 耗时：6.1秒, 目标总量: 19, 成功检测: 19 | 100.0%, 无需检测跳过: 0 | 0.0%, 检测失败: 0 | 0.0%, 
2022-04-16 22:22:02,986 - INFO -  requestId=S0d6V-lEE: 耗时：6.1秒, 目标总量: 19, 成功检测: 19 | 100.0%, 无需检测跳过: 0 | 0.0%, 检测失败: 0 | 0.0%, 
2022-04-16 22:22:02,986 - INFO -  requestId=S0d6V-lEE: 耗时：6.1秒, 目标总量: 19, 成功检测: 19 | 100.0%, 无需检测跳过: 0 | 0.0%, 检测失败: 0 | 0.0%, 
2022-04-16 22:22:02,986 - INFO -  requestId=S0d6V-lEE: 耗时：6.1秒, 目标总量: 19, 成功检测: 19 | 100.0%, 无需检测跳过: 0 | 0.0%, 检测失败: 0 | 0.0%, 
2022-04-16 22:22:02,986 - INFO -  requestId=S0d6V-lEE: 耗时：6.1秒, 目标总量: 19, 成功检测: 19 | 100.0%, 无需检测跳过: 0 | 0.0%, 检测失败: 0 | 0.0%, 
2022-04-16 22:22:02,986 - INFO -  requestId=S0d6V-lEE: 耗时：6.1秒, 目标总量: 19, 成功检测: 19 | 100.0%, 无需检测跳过: 0 | 0.0%, 检测失败: 0 | 0.0%, 
2022-04-16 22:22:02,986 - INFO -  requestId=S0d6V-lEE: 耗时：6.1秒, 目标总量: 19, 成功检测: 19 | 100.0%, 无需检测跳过: 0 | 0.0%, 检测失败: 0 | 0.0%, 
2022-04-16 22:22:36,930 - INFO -  requestId=CiOo-oXjN: 耗时：11.5秒, 目标总量: 33, 成功检测: 29 | 88.0%, 无需检测跳过: 0 | 0.0%, 检测失败: 4 | 12.0%, 
2022-04-16 22:22:36,930 - INFO -  requestId=CiOo-oXjN: 耗时：11.5秒, 目标总量: 33, 成功检测: 29 | 88.0%, 无需检测跳过: 0 | 0.0%, 检测失败: 4 | 12.0%, 
2022-04-16 22:22:36,930 - INFO -  requestId=CiOo-oXjN: 耗时：11.5秒, 目标总量: 33, 成功检测: 29 | 88.0%, 无需检测跳过: 0 | 0.0%, 检测失败: 4 | 12.0%, 
2022-04-16 22:22:36,930 - INFO -  requestId=CiOo-oXjN: 耗时：11.5秒, 目标总量: 33, 成功检测: 29 | 88.0%, 无需检测跳过: 0 | 0.0%, 检测失败: 4 | 12.0%, 
2022-04-16 22:22:36,930 - INFO -  requestId=CiOo-oXjN: 耗时：11.5秒, 目标总量: 33, 成功检测: 29 | 88.0%, 无需检测跳过: 0 | 0.0%, 检测失败: 4 | 12.0%, 
2022-04-16 22:22:36,930 - INFO -  requestId=CiOo-oXjN: 耗时：11.5秒, 目标总量: 33, 成功检测: 29 | 88.0%, 无需检测跳过: 0 | 0.0%, 检测失败: 4 | 12.0%, 
2022-04-16 22:22:36,930 - INFO -  requestId=CiOo-oXjN: 耗时：11.5秒, 目标总量: 33, 成功检测: 29 | 88.0%, 无需检测跳过: 0 | 0.0%, 检测失败: 4 | 12.0%, 
2022-04-16 22:22:36,930 - INFO -  requestId=CiOo-oXjN: 耗时：11.5秒, 目标总量: 33, 成功检测: 29 | 88.0%, 无需检测跳过: 0 | 0.0%, 检测失败: 4 | 12.0%, 
2022-04-16 22:22:36,930 - INFO -  requestId=CiOo-oXjN: 耗时：11.5秒, 目标总量: 33, 成功检测: 29 | 88.0%, 无需检测跳过: 0 | 0.0%, 检测失败: 4 | 12.0%, 
2022-04-16 22:22:36,930 - INFO -  requestId=CiOo-oXjN: 耗时：11.5秒, 目标总量: 33, 成功检测: 29 | 88.0%, 无需检测跳过: 0 | 0.0%, 检测失败: 4 | 12.0%, 
2022-04-16 22:22:36,930 - INFO -  requestId=CiOo-oXjN: 耗时：11.5秒, 目标总量: 33, 成功检测: 29 | 88.0%, 无需检测跳过: 0 | 0.0%, 检测失败: 4 | 12.0%, 
2022-04-16 22:22:36,930 - INFO -  requestId=CiOo-oXjN: 耗时：11.5秒, 目标总量: 33, 成功检测: 29 | 88.0%, 无需检测跳过: 0 | 0.0%, 检测失败: 4 | 12.0%, 
2022-04-16 22:22:36,930 - INFO -  requestId=CiOo-oXjN: 耗时：11.5秒, 目标总量: 33, 成功检测: 29 | 88.0%, 无需检测跳过: 0 | 0.0%, 检测失败: 4 | 12.0%, 
2022-04-16 22:22:36,930 - INFO -  requestId=CiOo-oXjN: 耗时：11.5秒, 目标总量: 33, 成功检测: 29 | 88.0%, 无需检测跳过: 0 | 0.0%, 检测失败: 4 | 12.0%, 
2022-04-16 22:22:36,930 - INFO -  requestId=CiOo-oXjN: 耗时：11.5秒, 目标总量: 33, 成功检测: 29 | 88.0%, 无需检测跳过: 0 | 0.0%, 检测失败: 4 | 12.0%, 
2022-04-16 22:22:36,930 - INFO -  requestId=CiOo-oXjN: 耗时：11.5秒, 目标总量: 33, 成功检测: 29 | 88.0%, 无需检测跳过: 0 | 0.0%, 检测失败: 4 | 12.0%, 
2022-04-16 22:22:36,930 - INFO -  requestId=CiOo-oXjN: 耗时：11.5秒, 目标总量: 33, 成功检测: 29 | 88.0%, 无需检测跳过: 0 | 0.0%, 检测失败: 4 | 12.0%, 
2022-04-16 22:22:36,930 - INFO -  requestId=CiOo-oXjN: 耗时：11.5秒, 目标总量: 33, 成功检测: 29 | 88.0%, 无需检测跳过: 0 | 0.0%, 检测失败: 4 | 12.0%, 
2022-04-16 22:22:36,930 - INFO -  requestId=CiOo-oXjN: 耗时：11.5秒, 目标总量: 33, 成功检测: 29 | 88.0%, 无需检测跳过: 0 | 0.0%, 检测失败: 4 | 12.0%, 
2022-04-16 22:23:55,688 - INFO -  requestId=MjHYpmwzf: 耗时：10.6秒, 目标总量: 33, 成功检测: 29 | 88.0%, 无需检测跳过: 0 | 0.0%, 检测失败: 4 | 12.0%, 
2022-04-16 22:23:55,688 - INFO -  requestId=MjHYpmwzf: 耗时：10.6秒, 目标总量: 33, 成功检测: 29 | 88.0%, 无需检测跳过: 0 | 0.0%, 检测失败: 4 | 12.0%, 
2022-04-16 22:23:55,688 - INFO -  requestId=MjHYpmwzf: 耗时：10.6秒, 目标总量: 33, 成功检测: 29 | 88.0%, 无需检测跳过: 0 | 0.0%, 检测失败: 4 | 12.0%, 
2022-04-16 22:23:55,688 - INFO -  requestId=MjHYpmwzf: 耗时：10.6秒, 目标总量: 33, 成功检测: 29 | 88.0%, 无需检测跳过: 0 | 0.0%, 检测失败: 4 | 12.0%, 
2022-04-16 22:23:55,688 - INFO -  requestId=MjHYpmwzf: 耗时：10.6秒, 目标总量: 33, 成功检测: 29 | 88.0%, 无需检测跳过: 0 | 0.0%, 检测失败: 4 | 12.0%, 
2022-04-16 22:23:55,688 - INFO -  requestId=MjHYpmwzf: 耗时：10.6秒, 目标总量: 33, 成功检测: 29 | 88.0%, 无需检测跳过: 0 | 0.0%, 检测失败: 4 | 12.0%, 
2022-04-16 22:23:55,688 - INFO -  requestId=MjHYpmwzf: 耗时：10.6秒, 目标总量: 33, 成功检测: 29 | 88.0%, 无需检测跳过: 0 | 0.0%, 检测失败: 4 | 12.0%, 
2022-04-16 22:23:55,688 - INFO -  requestId=MjHYpmwzf: 耗时：10.6秒, 目标总量: 33, 成功检测: 29 | 88.0%, 无需检测跳过: 0 | 0.0%, 检测失败: 4 | 12.0%, 
2022-04-16 22:23:55,688 - INFO -  requestId=MjHYpmwzf: 耗时：10.6秒, 目标总量: 33, 成功检测: 29 | 88.0%, 无需检测跳过: 0 | 0.0%, 检测失败: 4 | 12.0%, 
2022-04-16 22:23:55,688 - INFO -  requestId=MjHYpmwzf: 耗时：10.6秒, 目标总量: 33, 成功检测: 29 | 88.0%, 无需检测跳过: 0 | 0.0%, 检测失败: 4 | 12.0%, 
2022-04-16 22:23:55,688 - INFO -  requestId=MjHYpmwzf: 耗时：10.6秒, 目标总量: 33, 成功检测: 29 | 88.0%, 无需检测跳过: 0 | 0.0%, 检测失败: 4 | 12.0%, 
2022-04-16 22:23:55,688 - INFO -  requestId=MjHYpmwzf: 耗时：10.6秒, 目标总量: 33, 成功检测: 29 | 88.0%, 无需检测跳过: 0 | 0.0%, 检测失败: 4 | 12.0%, 
2022-04-16 22:23:55,688 - INFO -  requestId=MjHYpmwzf: 耗时：10.6秒, 目标总量: 33, 成功检测: 29 | 88.0%, 无需检测跳过: 0 | 0.0%, 检测失败: 4 | 12.0%, 
2022-04-16 22:23:55,688 - INFO -  requestId=MjHYpmwzf: 耗时：10.6秒, 目标总量: 33, 成功检测: 29 | 88.0%, 无需检测跳过: 0 | 0.0%, 检测失败: 4 | 12.0%, 
2022-04-16 22:23:55,688 - INFO -  requestId=MjHYpmwzf: 耗时：10.6秒, 目标总量: 33, 成功检测: 29 | 88.0%, 无需检测跳过: 0 | 0.0%, 检测失败: 4 | 12.0%, 
2022-04-16 22:23:55,688 - INFO -  requestId=MjHYpmwzf: 耗时：10.6秒, 目标总量: 33, 成功检测: 29 | 88.0%, 无需检测跳过: 0 | 0.0%, 检测失败: 4 | 12.0%, 
2022-04-16 22:23:55,688 - INFO -  requestId=MjHYpmwzf: 耗时：10.6秒, 目标总量: 33, 成功检测: 29 | 88.0%, 无需检测跳过: 0 | 0.0%, 检测失败: 4 | 12.0%, 
2022-04-16 22:23:55,688 - INFO -  requestId=MjHYpmwzf: 耗时：10.6秒, 目标总量: 33, 成功检测: 29 | 88.0%, 无需检测跳过: 0 | 0.0%, 检测失败: 4 | 12.0%, 
2022-04-16 22:23:55,688 - INFO -  requestId=MjHYpmwzf: 耗时：10.6秒, 目标总量: 33, 成功检测: 29 | 88.0%, 无需检测跳过: 0 | 0.0%, 检测失败: 4 | 12.0%, 
2022-04-16 22:23:55,688 - INFO -  requestId=MjHYpmwzf: 耗时：10.6秒, 目标总量: 33, 成功检测: 29 | 88.0%, 无需检测跳过: 0 | 0.0%, 检测失败: 4 | 12.0%, 
2022-04-16 22:40:33,223 - INFO -  requestId=QfNRJF0QB: 耗时：9.91秒, 目标总量: 29, 成功检测: 29 | 100.0%, 无需检测跳过: 0 | 0.0%, 检测失败: 0 | 0.0%, 
2022-04-16 22:40:33,223 - INFO -  requestId=QfNRJF0QB: 耗时：9.91秒, 目标总量: 29, 成功检测: 29 | 100.0%, 无需检测跳过: 0 | 0.0%, 检测失败: 0 | 0.0%, 
2022-04-16 22:40:33,223 - INFO -  requestId=QfNRJF0QB: 耗时：9.91秒, 目标总量: 29, 成功检测: 29 | 100.0%, 无需检测跳过: 0 | 0.0%, 检测失败: 0 | 0.0%, 
2022-04-16 22:40:33,223 - INFO -  requestId=QfNRJF0QB: 耗时：9.91秒, 目标总量: 29, 成功检测: 29 | 100.0%, 无需检测跳过: 0 | 0.0%, 检测失败: 0 | 0.0%, 
2022-04-16 22:40:33,223 - INFO -  requestId=QfNRJF0QB: 耗时：9.91秒, 目标总量: 29, 成功检测: 29 | 100.0%, 无需检测跳过: 0 | 0.0%, 检测失败: 0 | 0.0%, 
2022-04-16 22:40:33,223 - INFO -  requestId=QfNRJF0QB: 耗时：9.91秒, 目标总量: 29, 成功检测: 29 | 100.0%, 无需检测跳过: 0 | 0.0%, 检测失败: 0 | 0.0%, 
2022-04-16 22:40:33,223 - INFO -  requestId=QfNRJF0QB: 耗时：9.91秒, 目标总量: 29, 成功检测: 29 | 100.0%, 无需检测跳过: 0 | 0.0%, 检测失败: 0 | 0.0%, 
2022-04-16 22:40:33,223 - INFO -  requestId=QfNRJF0QB: 耗时：9.91秒, 目标总量: 29, 成功检测: 29 | 100.0%, 无需检测跳过: 0 | 0.0%, 检测失败: 0 | 0.0%, 
2022-04-16 22:40:33,223 - INFO -  requestId=QfNRJF0QB: 耗时：9.91秒, 目标总量: 29, 成功检测: 29 | 100.0%, 无需检测跳过: 0 | 0.0%, 检测失败: 0 | 0.0%, 
2022-04-16 22:40:33,223 - INFO -  requestId=QfNRJF0QB: 耗时：9.91秒, 目标总量: 29, 成功检测: 29 | 100.0%, 无需检测跳过: 0 | 0.0%, 检测失败: 0 | 0.0%, 
2022-04-16 22:40:33,223 - INFO -  requestId=QfNRJF0QB: 耗时：9.91秒, 目标总量: 29, 成功检测: 29 | 100.0%, 无需检测跳过: 0 | 0.0%, 检测失败: 0 | 0.0%, 
2022-04-16 22:40:33,223 - INFO -  requestId=QfNRJF0QB: 耗时：9.91秒, 目标总量: 29, 成功检测: 29 | 100.0%, 无需检测跳过: 0 | 0.0%, 检测失败: 0 | 0.0%, 
2022-04-16 22:40:33,223 - INFO -  requestId=QfNRJF0QB: 耗时：9.91秒, 目标总量: 29, 成功检测: 29 | 100.0%, 无需检测跳过: 0 | 0.0%, 检测失败: 0 | 0.0%, 
2022-04-16 22:40:33,223 - INFO -  requestId=QfNRJF0QB: 耗时：9.91秒, 目标总量: 29, 成功检测: 29 | 100.0%, 无需检测跳过: 0 | 0.0%, 检测失败: 0 | 0.0%, 
2022-04-16 22:40:33,223 - INFO -  requestId=QfNRJF0QB: 耗时：9.91秒, 目标总量: 29, 成功检测: 29 | 100.0%, 无需检测跳过: 0 | 0.0%, 检测失败: 0 | 0.0%, 
2022-04-16 22:40:33,223 - INFO -  requestId=QfNRJF0QB: 耗时：9.91秒, 目标总量: 29, 成功检测: 29 | 100.0%, 无需检测跳过: 0 | 0.0%, 检测失败: 0 | 0.0%, 
2022-04-16 22:40:33,223 - INFO -  requestId=QfNRJF0QB: 耗时：9.91秒, 目标总量: 29, 成功检测: 29 | 100.0%, 无需检测跳过: 0 | 0.0%, 检测失败: 0 | 0.0%, 
2022-04-16 22:40:33,223 - INFO -  requestId=QfNRJF0QB: 耗时：9.91秒, 目标总量: 29, 成功检测: 29 | 100.0%, 无需检测跳过: 0 | 0.0%, 检测失败: 0 | 0.0%, 
2022-04-16 22:40:33,223 - INFO -  requestId=QfNRJF0QB: 耗时：9.91秒, 目标总量: 29, 成功检测: 29 | 100.0%, 无需检测跳过: 0 | 0.0%, 检测失败: 0 | 0.0%, 
2022-04-16 22:40:33,223 - INFO -  requestId=QfNRJF0QB: 耗时：9.91秒, 目标总量: 29, 成功检测: 29 | 100.0%, 无需检测跳过: 0 | 0.0%, 检测失败: 0 | 0.0%, 
2022-04-16 22:40:33,223 - INFO -  requestId=QfNRJF0QB: 耗时：9.91秒, 目标总量: 29, 成功检测: 29 | 100.0%, 无需检测跳过: 0 | 0.0%, 检测失败: 0 | 0.0%, 
2022-04-16 22:44:13,178 - INFO -  requestId=qi7p-7vpl: 耗时：9.69秒, 目标总量: 33, 成功检测: 29 | 88.0%, 无需检测跳过: 0 | 0.0%, 检测失败: 4 | 12.0%, 
2022-04-16 22:44:13,178 - INFO -  requestId=qi7p-7vpl: 耗时：9.69秒, 目标总量: 33, 成功检测: 29 | 88.0%, 无需检测跳过: 0 | 0.0%, 检测失败: 4 | 12.0%, 
2022-04-16 22:44:13,178 - INFO -  requestId=qi7p-7vpl: 耗时：9.69秒, 目标总量: 33, 成功检测: 29 | 88.0%, 无需检测跳过: 0 | 0.0%, 检测失败: 4 | 12.0%, 
2022-04-16 22:44:13,178 - INFO -  requestId=qi7p-7vpl: 耗时：9.69秒, 目标总量: 33, 成功检测: 29 | 88.0%, 无需检测跳过: 0 | 0.0%, 检测失败: 4 | 12.0%, 
2022-04-16 22:44:13,178 - INFO -  requestId=qi7p-7vpl: 耗时：9.69秒, 目标总量: 33, 成功检测: 29 | 88.0%, 无需检测跳过: 0 | 0.0%, 检测失败: 4 | 12.0%, 
2022-04-16 22:44:13,178 - INFO -  requestId=qi7p-7vpl: 耗时：9.69秒, 目标总量: 33, 成功检测: 29 | 88.0%, 无需检测跳过: 0 | 0.0%, 检测失败: 4 | 12.0%, 
2022-04-16 22:44:13,178 - INFO -  requestId=qi7p-7vpl: 耗时：9.69秒, 目标总量: 33, 成功检测: 29 | 88.0%, 无需检测跳过: 0 | 0.0%, 检测失败: 4 | 12.0%, 
2022-04-16 22:44:13,178 - INFO -  requestId=qi7p-7vpl: 耗时：9.69秒, 目标总量: 33, 成功检测: 29 | 88.0%, 无需检测跳过: 0 | 0.0%, 检测失败: 4 | 12.0%, 
2022-04-16 22:44:13,178 - INFO -  requestId=qi7p-7vpl: 耗时：9.69秒, 目标总量: 33, 成功检测: 29 | 88.0%, 无需检测跳过: 0 | 0.0%, 检测失败: 4 | 12.0%, 
2022-04-16 22:44:13,178 - INFO -  requestId=qi7p-7vpl: 耗时：9.69秒, 目标总量: 33, 成功检测: 29 | 88.0%, 无需检测跳过: 0 | 0.0%, 检测失败: 4 | 12.0%, 
2022-04-16 22:44:13,178 - INFO -  requestId=qi7p-7vpl: 耗时：9.69秒, 目标总量: 33, 成功检测: 29 | 88.0%, 无需检测跳过: 0 | 0.0%, 检测失败: 4 | 12.0%, 
2022-04-16 22:44:13,178 - INFO -  requestId=qi7p-7vpl: 耗时：9.69秒, 目标总量: 33, 成功检测: 29 | 88.0%, 无需检测跳过: 0 | 0.0%, 检测失败: 4 | 12.0%, 
2022-04-16 22:44:13,178 - INFO -  requestId=qi7p-7vpl: 耗时：9.69秒, 目标总量: 33, 成功检测: 29 | 88.0%, 无需检测跳过: 0 | 0.0%, 检测失败: 4 | 12.0%, 
2022-04-16 22:44:13,178 - INFO -  requestId=qi7p-7vpl: 耗时：9.69秒, 目标总量: 33, 成功检测: 29 | 88.0%, 无需检测跳过: 0 | 0.0%, 检测失败: 4 | 12.0%, 
2022-04-16 22:44:13,178 - INFO -  requestId=qi7p-7vpl: 耗时：9.69秒, 目标总量: 33, 成功检测: 29 | 88.0%, 无需检测跳过: 0 | 0.0%, 检测失败: 4 | 12.0%, 
2022-04-16 22:44:13,178 - INFO -  requestId=qi7p-7vpl: 耗时：9.69秒, 目标总量: 33, 成功检测: 29 | 88.0%, 无需检测跳过: 0 | 0.0%, 检测失败: 4 | 12.0%, 
2022-04-16 22:44:13,178 - INFO -  requestId=qi7p-7vpl: 耗时：9.69秒, 目标总量: 33, 成功检测: 29 | 88.0%, 无需检测跳过: 0 | 0.0%, 检测失败: 4 | 12.0%, 
2022-04-16 22:44:13,178 - INFO -  requestId=qi7p-7vpl: 耗时：9.69秒, 目标总量: 33, 成功检测: 29 | 88.0%, 无需检测跳过: 0 | 0.0%, 检测失败: 4 | 12.0%, 
2022-04-16 22:44:13,178 - INFO -  requestId=qi7p-7vpl: 耗时：9.69秒, 目标总量: 33, 成功检测: 29 | 88.0%, 无需检测跳过: 0 | 0.0%, 检测失败: 4 | 12.0%, 
2022-04-16 22:44:13,178 - INFO -  requestId=qi7p-7vpl: 耗时：9.69秒, 目标总量: 33, 成功检测: 29 | 88.0%, 无需检测跳过: 0 | 0.0%, 检测失败: 4 | 12.0%, 
2022-04-16 22:44:13,178 - INFO -  requestId=qi7p-7vpl: 耗时：9.69秒, 目标总量: 33, 成功检测: 29 | 88.0%, 无需检测跳过: 0 | 0.0%, 检测失败: 4 | 12.0%, 
2022-04-16 22:44:13,178 - INFO -  requestId=qi7p-7vpl: 耗时：9.69秒, 目标总量: 33, 成功检测: 29 | 88.0%, 无需检测跳过: 0 | 0.0%, 检测失败: 4 | 12.0%, 
2022-04-16 22:50:46,438 - INFO -  requestId=NwqxtZdZO: 耗时：8.41秒, 目标总量: 26, 成功检测: 21 | 81.0%, 无需检测跳过: 0 | 0.0%, 检测失败: 5 | 19.0%, 
2022-04-16 22:50:46,438 - INFO -  requestId=NwqxtZdZO: 耗时：8.41秒, 目标总量: 26, 成功检测: 21 | 81.0%, 无需检测跳过: 0 | 0.0%, 检测失败: 5 | 19.0%, 
2022-04-16 22:50:46,438 - INFO -  requestId=NwqxtZdZO: 耗时：8.41秒, 目标总量: 26, 成功检测: 21 | 81.0%, 无需检测跳过: 0 | 0.0%, 检测失败: 5 | 19.0%, 
2022-04-16 22:50:46,438 - INFO -  requestId=NwqxtZdZO: 耗时：8.41秒, 目标总量: 26, 成功检测: 21 | 81.0%, 无需检测跳过: 0 | 0.0%, 检测失败: 5 | 19.0%, 
2022-04-16 22:50:46,438 - INFO -  requestId=NwqxtZdZO: 耗时：8.41秒, 目标总量: 26, 成功检测: 21 | 81.0%, 无需检测跳过: 0 | 0.0%, 检测失败: 5 | 19.0%, 
2022-04-16 22:50:46,438 - INFO -  requestId=NwqxtZdZO: 耗时：8.41秒, 目标总量: 26, 成功检测: 21 | 81.0%, 无需检测跳过: 0 | 0.0%, 检测失败: 5 | 19.0%, 
2022-04-16 22:50:46,438 - INFO -  requestId=NwqxtZdZO: 耗时：8.41秒, 目标总量: 26, 成功检测: 21 | 81.0%, 无需检测跳过: 0 | 0.0%, 检测失败: 5 | 19.0%, 
2022-04-16 22:50:46,438 - INFO -  requestId=NwqxtZdZO: 耗时：8.41秒, 目标总量: 26, 成功检测: 21 | 81.0%, 无需检测跳过: 0 | 0.0%, 检测失败: 5 | 19.0%, 
2022-04-16 22:50:46,438 - INFO -  requestId=NwqxtZdZO: 耗时：8.41秒, 目标总量: 26, 成功检测: 21 | 81.0%, 无需检测跳过: 0 | 0.0%, 检测失败: 5 | 19.0%, 
2022-04-16 22:50:46,438 - INFO -  requestId=NwqxtZdZO: 耗时：8.41秒, 目标总量: 26, 成功检测: 21 | 81.0%, 无需检测跳过: 0 | 0.0%, 检测失败: 5 | 19.0%, 
2022-04-16 22:50:46,438 - INFO -  requestId=NwqxtZdZO: 耗时：8.41秒, 目标总量: 26, 成功检测: 21 | 81.0%, 无需检测跳过: 0 | 0.0%, 检测失败: 5 | 19.0%, 
2022-04-16 22:50:46,438 - INFO -  requestId=NwqxtZdZO: 耗时：8.41秒, 目标总量: 26, 成功检测: 21 | 81.0%, 无需检测跳过: 0 | 0.0%, 检测失败: 5 | 19.0%, 
2022-04-16 22:50:46,438 - INFO -  requestId=NwqxtZdZO: 耗时：8.41秒, 目标总量: 26, 成功检测: 21 | 81.0%, 无需检测跳过: 0 | 0.0%, 检测失败: 5 | 19.0%, 
2022-04-16 22:50:46,438 - INFO -  requestId=NwqxtZdZO: 耗时：8.41秒, 目标总量: 26, 成功检测: 21 | 81.0%, 无需检测跳过: 0 | 0.0%, 检测失败: 5 | 19.0%, 
2022-04-16 22:50:46,438 - INFO -  requestId=NwqxtZdZO: 耗时：8.41秒, 目标总量: 26, 成功检测: 21 | 81.0%, 无需检测跳过: 0 | 0.0%, 检测失败: 5 | 19.0%, 
2022-04-16 22:50:46,438 - INFO -  requestId=NwqxtZdZO: 耗时：8.41秒, 目标总量: 26, 成功检测: 21 | 81.0%, 无需检测跳过: 0 | 0.0%, 检测失败: 5 | 19.0%, 
2022-04-16 22:50:46,438 - INFO -  requestId=NwqxtZdZO: 耗时：8.41秒, 目标总量: 26, 成功检测: 21 | 81.0%, 无需检测跳过: 0 | 0.0%, 检测失败: 5 | 19.0%, 
2022-04-16 22:50:46,438 - INFO -  requestId=NwqxtZdZO: 耗时：8.41秒, 目标总量: 26, 成功检测: 21 | 81.0%, 无需检测跳过: 0 | 0.0%, 检测失败: 5 | 19.0%, 
2022-04-16 22:50:46,438 - INFO -  requestId=NwqxtZdZO: 耗时：8.41秒, 目标总量: 26, 成功检测: 21 | 81.0%, 无需检测跳过: 0 | 0.0%, 检测失败: 5 | 19.0%, 
2022-04-16 22:50:46,438 - INFO -  requestId=NwqxtZdZO: 耗时：8.41秒, 目标总量: 26, 成功检测: 21 | 81.0%, 无需检测跳过: 0 | 0.0%, 检测失败: 5 | 19.0%, 
2022-04-16 22:50:46,438 - INFO -  requestId=NwqxtZdZO: 耗时：8.41秒, 目标总量: 26, 成功检测: 21 | 81.0%, 无需检测跳过: 0 | 0.0%, 检测失败: 5 | 19.0%, 
2022-04-16 22:50:46,438 - INFO -  requestId=NwqxtZdZO: 耗时：8.41秒, 目标总量: 26, 成功检测: 21 | 81.0%, 无需检测跳过: 0 | 0.0%, 检测失败: 5 | 19.0%, 
2022-04-16 22:50:46,438 - INFO -  requestId=NwqxtZdZO: 耗时：8.41秒, 目标总量: 26, 成功检测: 21 | 81.0%, 无需检测跳过: 0 | 0.0%, 检测失败: 5 | 19.0%, 
2022-04-16 22:51:43,622 - INFO -  requestId=COBsecxhr: 耗时：8.17秒, 目标总量: 28, 成功检测: 22 | 79.0%, 无需检测跳过: 0 | 0.0%, 检测失败: 6 | 21.0%, 
2022-04-16 22:51:43,622 - INFO -  requestId=COBsecxhr: 耗时：8.17秒, 目标总量: 28, 成功检测: 22 | 79.0%, 无需检测跳过: 0 | 0.0%, 检测失败: 6 | 21.0%, 
2022-04-16 22:51:43,622 - INFO -  requestId=COBsecxhr: 耗时：8.17秒, 目标总量: 28, 成功检测: 22 | 79.0%, 无需检测跳过: 0 | 0.0%, 检测失败: 6 | 21.0%, 
2022-04-16 22:51:43,622 - INFO -  requestId=COBsecxhr: 耗时：8.17秒, 目标总量: 28, 成功检测: 22 | 79.0%, 无需检测跳过: 0 | 0.0%, 检测失败: 6 | 21.0%, 
2022-04-16 22:51:43,622 - INFO -  requestId=COBsecxhr: 耗时：8.17秒, 目标总量: 28, 成功检测: 22 | 79.0%, 无需检测跳过: 0 | 0.0%, 检测失败: 6 | 21.0%, 
2022-04-16 22:51:43,622 - INFO -  requestId=COBsecxhr: 耗时：8.17秒, 目标总量: 28, 成功检测: 22 | 79.0%, 无需检测跳过: 0 | 0.0%, 检测失败: 6 | 21.0%, 
2022-04-16 22:51:43,622 - INFO -  requestId=COBsecxhr: 耗时：8.17秒, 目标总量: 28, 成功检测: 22 | 79.0%, 无需检测跳过: 0 | 0.0%, 检测失败: 6 | 21.0%, 
2022-04-16 22:51:43,622 - INFO -  requestId=COBsecxhr: 耗时：8.17秒, 目标总量: 28, 成功检测: 22 | 79.0%, 无需检测跳过: 0 | 0.0%, 检测失败: 6 | 21.0%, 
2022-04-16 22:51:43,622 - INFO -  requestId=COBsecxhr: 耗时：8.17秒, 目标总量: 28, 成功检测: 22 | 79.0%, 无需检测跳过: 0 | 0.0%, 检测失败: 6 | 21.0%, 
2022-04-16 22:51:43,622 - INFO -  requestId=COBsecxhr: 耗时：8.17秒, 目标总量: 28, 成功检测: 22 | 79.0%, 无需检测跳过: 0 | 0.0%, 检测失败: 6 | 21.0%, 
2022-04-16 22:51:43,622 - INFO -  requestId=COBsecxhr: 耗时：8.17秒, 目标总量: 28, 成功检测: 22 | 79.0%, 无需检测跳过: 0 | 0.0%, 检测失败: 6 | 21.0%, 
2022-04-16 22:51:43,622 - INFO -  requestId=COBsecxhr: 耗时：8.17秒, 目标总量: 28, 成功检测: 22 | 79.0%, 无需检测跳过: 0 | 0.0%, 检测失败: 6 | 21.0%, 
2022-04-16 22:51:43,622 - INFO -  requestId=COBsecxhr: 耗时：8.17秒, 目标总量: 28, 成功检测: 22 | 79.0%, 无需检测跳过: 0 | 0.0%, 检测失败: 6 | 21.0%, 
2022-04-16 22:51:43,622 - INFO -  requestId=COBsecxhr: 耗时：8.17秒, 目标总量: 28, 成功检测: 22 | 79.0%, 无需检测跳过: 0 | 0.0%, 检测失败: 6 | 21.0%, 
2022-04-16 22:51:43,622 - INFO -  requestId=COBsecxhr: 耗时：8.17秒, 目标总量: 28, 成功检测: 22 | 79.0%, 无需检测跳过: 0 | 0.0%, 检测失败: 6 | 21.0%, 
2022-04-16 22:51:43,622 - INFO -  requestId=COBsecxhr: 耗时：8.17秒, 目标总量: 28, 成功检测: 22 | 79.0%, 无需检测跳过: 0 | 0.0%, 检测失败: 6 | 21.0%, 
2022-04-16 22:51:43,622 - INFO -  requestId=COBsecxhr: 耗时：8.17秒, 目标总量: 28, 成功检测: 22 | 79.0%, 无需检测跳过: 0 | 0.0%, 检测失败: 6 | 21.0%, 
2022-04-16 22:51:43,622 - INFO -  requestId=COBsecxhr: 耗时：8.17秒, 目标总量: 28, 成功检测: 22 | 79.0%, 无需检测跳过: 0 | 0.0%, 检测失败: 6 | 21.0%, 
2022-04-16 22:51:43,622 - INFO -  requestId=COBsecxhr: 耗时：8.17秒, 目标总量: 28, 成功检测: 22 | 79.0%, 无需检测跳过: 0 | 0.0%, 检测失败: 6 | 21.0%, 
2022-04-16 22:51:43,622 - INFO -  requestId=COBsecxhr: 耗时：8.17秒, 目标总量: 28, 成功检测: 22 | 79.0%, 无需检测跳过: 0 | 0.0%, 检测失败: 6 | 21.0%, 
2022-04-16 22:51:43,622 - INFO -  requestId=COBsecxhr: 耗时：8.17秒, 目标总量: 28, 成功检测: 22 | 79.0%, 无需检测跳过: 0 | 0.0%, 检测失败: 6 | 21.0%, 
2022-04-16 22:51:43,622 - INFO -  requestId=COBsecxhr: 耗时：8.17秒, 目标总量: 28, 成功检测: 22 | 79.0%, 无需检测跳过: 0 | 0.0%, 检测失败: 6 | 21.0%, 
2022-04-16 22:51:43,622 - INFO -  requestId=COBsecxhr: 耗时：8.17秒, 目标总量: 28, 成功检测: 22 | 79.0%, 无需检测跳过: 0 | 0.0%, 检测失败: 6 | 21.0%, 
2022-04-16 22:51:43,622 - INFO -  requestId=COBsecxhr: 耗时：8.17秒, 目标总量: 28, 成功检测: 22 | 79.0%, 无需检测跳过: 0 | 0.0%, 检测失败: 6 | 21.0%, 
2022-04-19 13:13:32,759 - INFO -  requestId=q83o2x5nP: 耗时：8.11秒, 目标总量: 32, 成功检测: 28 | 88.0%, 无需检测跳过: 0 | 0.0%, 检测失败: 4 | 12.0%, 
2022-04-19 13:13:55,218 - INFO -  requestId=q83o2x5nP: 耗时：19.13秒, 目标总量: 59, 成功检测: 26 | 44.0%, 无需检测跳过: 32 | 54.0%, 检测失败: 1 | 2.0%, 
2022-04-19 13:13:55,218 - INFO -  requestId=q83o2x5nP: 耗时：19.13秒, 目标总量: 59, 成功检测: 26 | 44.0%, 无需检测跳过: 32 | 54.0%, 检测失败: 1 | 2.0%, 
2022-04-19 13:14:09,729 - INFO -  requestId=q83o2x5nP: 耗时：30.12秒, 目标总量: 116, 成功检测: 80 | 69.0%, 无需检测跳过: 32 | 28.000000000000004%, 检测失败: 4 | 3.0%, 
2022-04-19 13:14:09,729 - INFO -  requestId=q83o2x5nP: 耗时：30.12秒, 目标总量: 116, 成功检测: 80 | 69.0%, 无需检测跳过: 32 | 28.000000000000004%, 检测失败: 4 | 3.0%, 
2022-04-19 13:14:09,729 - INFO -  requestId=q83o2x5nP: 耗时：30.12秒, 目标总量: 116, 成功检测: 80 | 69.0%, 无需检测跳过: 32 | 28.000000000000004%, 检测失败: 4 | 3.0%, 
2022-04-19 13:20:07,916 - INFO -  requestId=1kZ87XvAN: 耗时：9.13秒, 目标总量: 32, 成功检测: 28 | 88.0%, 无需检测跳过: 0 | 0.0%, 检测失败: 4 | 12.0%, 
2022-04-19 13:20:07,916 - INFO -  requestId=1kZ87XvAN: 耗时：9.13秒, 目标总量: 32, 成功检测: 28 | 88.0%, 无需检测跳过: 0 | 0.0%, 检测失败: 4 | 12.0%, 
2022-04-19 13:20:07,916 - INFO -  requestId=1kZ87XvAN: 耗时：9.13秒, 目标总量: 32, 成功检测: 28 | 88.0%, 无需检测跳过: 0 | 0.0%, 检测失败: 4 | 12.0%, 
2022-04-19 13:20:07,916 - INFO -  requestId=1kZ87XvAN: 耗时：9.13秒, 目标总量: 32, 成功检测: 28 | 88.0%, 无需检测跳过: 0 | 0.0%, 检测失败: 4 | 12.0%, 
2022-04-19 13:20:31,154 - INFO -  requestId=1kZ87XvAN: 耗时：19.68秒, 目标总量: 59, 成功检测: 27 | 46.0%, 无需检测跳过: 32 | 54.0%, 检测失败: 0 | 0.0%, 
2022-04-19 13:20:31,154 - INFO -  requestId=1kZ87XvAN: 耗时：19.68秒, 目标总量: 59, 成功检测: 27 | 46.0%, 无需检测跳过: 32 | 54.0%, 检测失败: 0 | 0.0%, 
2022-04-19 13:20:31,154 - INFO -  requestId=1kZ87XvAN: 耗时：19.68秒, 目标总量: 59, 成功检测: 27 | 46.0%, 无需检测跳过: 32 | 54.0%, 检测失败: 0 | 0.0%, 
2022-04-19 13:20:31,154 - INFO -  requestId=1kZ87XvAN: 耗时：19.68秒, 目标总量: 59, 成功检测: 27 | 46.0%, 无需检测跳过: 32 | 54.0%, 检测失败: 0 | 0.0%, 
2022-04-19 13:20:31,154 - INFO -  requestId=1kZ87XvAN: 耗时：19.68秒, 目标总量: 59, 成功检测: 27 | 46.0%, 无需检测跳过: 32 | 54.0%, 检测失败: 0 | 0.0%, 
2022-04-19 13:20:46,129 - INFO -  requestId=1kZ87XvAN: 耗时：31.41秒, 目标总量: 116, 成功检测: 80 | 69.0%, 无需检测跳过: 32 | 28.000000000000004%, 检测失败: 4 | 3.0%, 
2022-04-19 13:20:46,129 - INFO -  requestId=1kZ87XvAN: 耗时：31.41秒, 目标总量: 116, 成功检测: 80 | 69.0%, 无需检测跳过: 32 | 28.000000000000004%, 检测失败: 4 | 3.0%, 
2022-04-19 13:20:46,129 - INFO -  requestId=1kZ87XvAN: 耗时：31.41秒, 目标总量: 116, 成功检测: 80 | 69.0%, 无需检测跳过: 32 | 28.000000000000004%, 检测失败: 4 | 3.0%, 
2022-04-19 13:20:46,129 - INFO -  requestId=1kZ87XvAN: 耗时：31.41秒, 目标总量: 116, 成功检测: 80 | 69.0%, 无需检测跳过: 32 | 28.000000000000004%, 检测失败: 4 | 3.0%, 
2022-04-19 13:20:46,129 - INFO -  requestId=1kZ87XvAN: 耗时：31.41秒, 目标总量: 116, 成功检测: 80 | 69.0%, 无需检测跳过: 32 | 28.000000000000004%, 检测失败: 4 | 3.0%, 
2022-04-19 13:20:46,129 - INFO -  requestId=1kZ87XvAN: 耗时：31.41秒, 目标总量: 116, 成功检测: 80 | 69.0%, 无需检测跳过: 32 | 28.000000000000004%, 检测失败: 4 | 3.0%, 
2022-04-19 13:23:26,159 - INFO -  requestId=itYpCeibz: 耗时：0.45秒, 目标总量: 6, 成功检测: 2 | 33.0%, 无需检测跳过: 0 | 0.0%, 检测失败: 4 | 67.0%, 
2022-04-19 13:23:26,159 - INFO -  requestId=itYpCeibz: 耗时：0.45秒, 目标总量: 6, 成功检测: 2 | 33.0%, 无需检测跳过: 0 | 0.0%, 检测失败: 4 | 67.0%, 
2022-04-19 13:23:26,159 - INFO -  requestId=itYpCeibz: 耗时：0.45秒, 目标总量: 6, 成功检测: 2 | 33.0%, 无需检测跳过: 0 | 0.0%, 检测失败: 4 | 67.0%, 
2022-04-19 13:23:26,159 - INFO -  requestId=itYpCeibz: 耗时：0.45秒, 目标总量: 6, 成功检测: 2 | 33.0%, 无需检测跳过: 0 | 0.0%, 检测失败: 4 | 67.0%, 
2022-04-19 13:23:26,159 - INFO -  requestId=itYpCeibz: 耗时：0.45秒, 目标总量: 6, 成功检测: 2 | 33.0%, 无需检测跳过: 0 | 0.0%, 检测失败: 4 | 67.0%, 
2022-04-19 13:23:26,159 - INFO -  requestId=itYpCeibz: 耗时：0.45秒, 目标总量: 6, 成功检测: 2 | 33.0%, 无需检测跳过: 0 | 0.0%, 检测失败: 4 | 67.0%, 
2022-04-19 13:23:26,159 - INFO -  requestId=itYpCeibz: 耗时：0.45秒, 目标总量: 6, 成功检测: 2 | 33.0%, 无需检测跳过: 0 | 0.0%, 检测失败: 4 | 67.0%, 
2022-04-19 13:23:36,392 - INFO -  requestId=b_rQSXWdJ: 耗时：9.69秒, 目标总量: 31, 成功检测: 25 | 81.0%, 无需检测跳过: 6 | 19.0%, 检测失败: 0 | 0.0%, 
2022-04-19 13:23:36,392 - INFO -  requestId=b_rQSXWdJ: 耗时：9.69秒, 目标总量: 31, 成功检测: 25 | 81.0%, 无需检测跳过: 6 | 19.0%, 检测失败: 0 | 0.0%, 
2022-04-19 13:23:36,392 - INFO -  requestId=b_rQSXWdJ: 耗时：9.69秒, 目标总量: 31, 成功检测: 25 | 81.0%, 无需检测跳过: 6 | 19.0%, 检测失败: 0 | 0.0%, 
2022-04-19 13:23:36,392 - INFO -  requestId=b_rQSXWdJ: 耗时：9.69秒, 目标总量: 31, 成功检测: 25 | 81.0%, 无需检测跳过: 6 | 19.0%, 检测失败: 0 | 0.0%, 
2022-04-19 13:23:36,392 - INFO -  requestId=b_rQSXWdJ: 耗时：9.69秒, 目标总量: 31, 成功检测: 25 | 81.0%, 无需检测跳过: 6 | 19.0%, 检测失败: 0 | 0.0%, 
2022-04-19 13:23:36,392 - INFO -  requestId=b_rQSXWdJ: 耗时：9.69秒, 目标总量: 31, 成功检测: 25 | 81.0%, 无需检测跳过: 6 | 19.0%, 检测失败: 0 | 0.0%, 
2022-04-19 13:23:36,392 - INFO -  requestId=b_rQSXWdJ: 耗时：9.69秒, 目标总量: 31, 成功检测: 25 | 81.0%, 无需检测跳过: 6 | 19.0%, 检测失败: 0 | 0.0%, 
2022-04-19 13:23:36,392 - INFO -  requestId=b_rQSXWdJ: 耗时：9.69秒, 目标总量: 31, 成功检测: 25 | 81.0%, 无需检测跳过: 6 | 19.0%, 检测失败: 0 | 0.0%, 
2022-04-19 13:32:05,575 - INFO -  requestId=JicRTvmB7: 耗时：7.26秒, 目标总量: 31, 成功检测: 27 | 87.0%, 无需检测跳过: 0 | 0.0%, 检测失败: 4 | 13.0%, 
2022-04-19 13:32:05,575 - INFO -  requestId=JicRTvmB7: 耗时：7.26秒, 目标总量: 31, 成功检测: 27 | 87.0%, 无需检测跳过: 0 | 0.0%, 检测失败: 4 | 13.0%, 
2022-04-19 13:32:05,575 - INFO -  requestId=JicRTvmB7: 耗时：7.26秒, 目标总量: 31, 成功检测: 27 | 87.0%, 无需检测跳过: 0 | 0.0%, 检测失败: 4 | 13.0%, 
2022-04-19 13:32:05,575 - INFO -  requestId=JicRTvmB7: 耗时：7.26秒, 目标总量: 31, 成功检测: 27 | 87.0%, 无需检测跳过: 0 | 0.0%, 检测失败: 4 | 13.0%, 
2022-04-19 13:32:05,575 - INFO -  requestId=JicRTvmB7: 耗时：7.26秒, 目标总量: 31, 成功检测: 27 | 87.0%, 无需检测跳过: 0 | 0.0%, 检测失败: 4 | 13.0%, 
2022-04-19 13:32:05,575 - INFO -  requestId=JicRTvmB7: 耗时：7.26秒, 目标总量: 31, 成功检测: 27 | 87.0%, 无需检测跳过: 0 | 0.0%, 检测失败: 4 | 13.0%, 
2022-04-19 13:32:05,575 - INFO -  requestId=JicRTvmB7: 耗时：7.26秒, 目标总量: 31, 成功检测: 27 | 87.0%, 无需检测跳过: 0 | 0.0%, 检测失败: 4 | 13.0%, 
2022-04-19 13:32:05,575 - INFO -  requestId=JicRTvmB7: 耗时：7.26秒, 目标总量: 31, 成功检测: 27 | 87.0%, 无需检测跳过: 0 | 0.0%, 检测失败: 4 | 13.0%, 
2022-04-19 13:32:05,575 - INFO -  requestId=JicRTvmB7: 耗时：7.26秒, 目标总量: 31, 成功检测: 27 | 87.0%, 无需检测跳过: 0 | 0.0%, 检测失败: 4 | 13.0%, 
2022-04-19 13:33:39,451 - INFO -  requestId=GYi8wM5rZ: 耗时：6.91秒, 目标总量: 31, 成功检测: 27 | 87.0%, 无需检测跳过: 0 | 0.0%, 检测失败: 4 | 13.0%, 
2022-04-19 13:33:39,451 - INFO -  requestId=GYi8wM5rZ: 耗时：6.91秒, 目标总量: 31, 成功检测: 27 | 87.0%, 无需检测跳过: 0 | 0.0%, 检测失败: 4 | 13.0%, 
2022-04-19 13:33:39,451 - INFO -  requestId=GYi8wM5rZ: 耗时：6.91秒, 目标总量: 31, 成功检测: 27 | 87.0%, 无需检测跳过: 0 | 0.0%, 检测失败: 4 | 13.0%, 
2022-04-19 13:33:39,451 - INFO -  requestId=GYi8wM5rZ: 耗时：6.91秒, 目标总量: 31, 成功检测: 27 | 87.0%, 无需检测跳过: 0 | 0.0%, 检测失败: 4 | 13.0%, 
2022-04-19 13:33:39,451 - INFO -  requestId=GYi8wM5rZ: 耗时：6.91秒, 目标总量: 31, 成功检测: 27 | 87.0%, 无需检测跳过: 0 | 0.0%, 检测失败: 4 | 13.0%, 
2022-04-19 13:33:39,451 - INFO -  requestId=GYi8wM5rZ: 耗时：6.91秒, 目标总量: 31, 成功检测: 27 | 87.0%, 无需检测跳过: 0 | 0.0%, 检测失败: 4 | 13.0%, 
2022-04-19 13:33:39,451 - INFO -  requestId=GYi8wM5rZ: 耗时：6.91秒, 目标总量: 31, 成功检测: 27 | 87.0%, 无需检测跳过: 0 | 0.0%, 检测失败: 4 | 13.0%, 
2022-04-19 13:33:39,451 - INFO -  requestId=GYi8wM5rZ: 耗时：6.91秒, 目标总量: 31, 成功检测: 27 | 87.0%, 无需检测跳过: 0 | 0.0%, 检测失败: 4 | 13.0%, 
2022-04-19 13:33:39,451 - INFO -  requestId=GYi8wM5rZ: 耗时：6.91秒, 目标总量: 31, 成功检测: 27 | 87.0%, 无需检测跳过: 0 | 0.0%, 检测失败: 4 | 13.0%, 
2022-04-19 13:33:39,451 - INFO -  requestId=GYi8wM5rZ: 耗时：6.91秒, 目标总量: 31, 成功检测: 27 | 87.0%, 无需检测跳过: 0 | 0.0%, 检测失败: 4 | 13.0%, 
2022-04-19 13:33:55,867 - INFO -  requestId=rFjQzye6p: 耗时：11.24秒, 目标总量: 31, 成功检测: 27 | 87.0%, 无需检测跳过: 0 | 0.0%, 检测失败: 4 | 13.0%, 
2022-04-19 13:33:55,867 - INFO -  requestId=rFjQzye6p: 耗时：11.24秒, 目标总量: 31, 成功检测: 27 | 87.0%, 无需检测跳过: 0 | 0.0%, 检测失败: 4 | 13.0%, 
2022-04-19 13:33:55,867 - INFO -  requestId=rFjQzye6p: 耗时：11.24秒, 目标总量: 31, 成功检测: 27 | 87.0%, 无需检测跳过: 0 | 0.0%, 检测失败: 4 | 13.0%, 
2022-04-19 13:33:55,867 - INFO -  requestId=rFjQzye6p: 耗时：11.24秒, 目标总量: 31, 成功检测: 27 | 87.0%, 无需检测跳过: 0 | 0.0%, 检测失败: 4 | 13.0%, 
2022-04-19 13:33:55,867 - INFO -  requestId=rFjQzye6p: 耗时：11.24秒, 目标总量: 31, 成功检测: 27 | 87.0%, 无需检测跳过: 0 | 0.0%, 检测失败: 4 | 13.0%, 
2022-04-19 13:33:55,867 - INFO -  requestId=rFjQzye6p: 耗时：11.24秒, 目标总量: 31, 成功检测: 27 | 87.0%, 无需检测跳过: 0 | 0.0%, 检测失败: 4 | 13.0%, 
2022-04-19 13:33:55,867 - INFO -  requestId=rFjQzye6p: 耗时：11.24秒, 目标总量: 31, 成功检测: 27 | 87.0%, 无需检测跳过: 0 | 0.0%, 检测失败: 4 | 13.0%, 
2022-04-19 13:33:55,867 - INFO -  requestId=rFjQzye6p: 耗时：11.24秒, 目标总量: 31, 成功检测: 27 | 87.0%, 无需检测跳过: 0 | 0.0%, 检测失败: 4 | 13.0%, 
2022-04-19 13:33:55,867 - INFO -  requestId=rFjQzye6p: 耗时：11.24秒, 目标总量: 31, 成功检测: 27 | 87.0%, 无需检测跳过: 0 | 0.0%, 检测失败: 4 | 13.0%, 
2022-04-19 13:33:55,867 - INFO -  requestId=rFjQzye6p: 耗时：11.24秒, 目标总量: 31, 成功检测: 27 | 87.0%, 无需检测跳过: 0 | 0.0%, 检测失败: 4 | 13.0%, 
2022-04-19 13:33:55,867 - INFO -  requestId=rFjQzye6p: 耗时：11.24秒, 目标总量: 31, 成功检测: 27 | 87.0%, 无需检测跳过: 0 | 0.0%, 检测失败: 4 | 13.0%, 
2022-04-19 13:38:00,161 - INFO -  requestId=QTARz_XlT: 耗时：6.85秒, 目标总量: 31, 成功检测: 27 | 87.0%, 无需检测跳过: 0 | 0.0%, 检测失败: 4 | 13.0%, 
2022-04-19 13:38:00,161 - INFO -  requestId=QTARz_XlT: 耗时：6.85秒, 目标总量: 31, 成功检测: 27 | 87.0%, 无需检测跳过: 0 | 0.0%, 检测失败: 4 | 13.0%, 
2022-04-19 13:38:00,161 - INFO -  requestId=QTARz_XlT: 耗时：6.85秒, 目标总量: 31, 成功检测: 27 | 87.0%, 无需检测跳过: 0 | 0.0%, 检测失败: 4 | 13.0%, 
2022-04-19 13:38:00,161 - INFO -  requestId=QTARz_XlT: 耗时：6.85秒, 目标总量: 31, 成功检测: 27 | 87.0%, 无需检测跳过: 0 | 0.0%, 检测失败: 4 | 13.0%, 
2022-04-19 13:38:00,161 - INFO -  requestId=QTARz_XlT: 耗时：6.85秒, 目标总量: 31, 成功检测: 27 | 87.0%, 无需检测跳过: 0 | 0.0%, 检测失败: 4 | 13.0%, 
2022-04-19 13:38:00,161 - INFO -  requestId=QTARz_XlT: 耗时：6.85秒, 目标总量: 31, 成功检测: 27 | 87.0%, 无需检测跳过: 0 | 0.0%, 检测失败: 4 | 13.0%, 
2022-04-19 13:38:00,161 - INFO -  requestId=QTARz_XlT: 耗时：6.85秒, 目标总量: 31, 成功检测: 27 | 87.0%, 无需检测跳过: 0 | 0.0%, 检测失败: 4 | 13.0%, 
2022-04-19 13:38:00,161 - INFO -  requestId=QTARz_XlT: 耗时：6.85秒, 目标总量: 31, 成功检测: 27 | 87.0%, 无需检测跳过: 0 | 0.0%, 检测失败: 4 | 13.0%, 
2022-04-19 13:38:00,161 - INFO -  requestId=QTARz_XlT: 耗时：6.85秒, 目标总量: 31, 成功检测: 27 | 87.0%, 无需检测跳过: 0 | 0.0%, 检测失败: 4 | 13.0%, 
2022-04-19 13:38:00,161 - INFO -  requestId=QTARz_XlT: 耗时：6.85秒, 目标总量: 31, 成功检测: 27 | 87.0%, 无需检测跳过: 0 | 0.0%, 检测失败: 4 | 13.0%, 
2022-04-19 13:38:00,161 - INFO -  requestId=QTARz_XlT: 耗时：6.85秒, 目标总量: 31, 成功检测: 27 | 87.0%, 无需检测跳过: 0 | 0.0%, 检测失败: 4 | 13.0%, 
2022-04-19 13:38:00,161 - INFO -  requestId=QTARz_XlT: 耗时：6.85秒, 目标总量: 31, 成功检测: 27 | 87.0%, 无需检测跳过: 0 | 0.0%, 检测失败: 4 | 13.0%, 
2022-04-19 13:56:56,698 - INFO -  requestId=p8DgOGVy1: 耗时：7.37秒, 目标总量: 31, 成功检测: 27 | 87.0%, 无需检测跳过: 0 | 0.0%, 检测失败: 4 | 13.0%, 
2022-04-19 13:56:56,698 - INFO -  requestId=p8DgOGVy1: 耗时：7.37秒, 目标总量: 31, 成功检测: 27 | 87.0%, 无需检测跳过: 0 | 0.0%, 检测失败: 4 | 13.0%, 
2022-04-19 13:56:56,698 - INFO -  requestId=p8DgOGVy1: 耗时：7.37秒, 目标总量: 31, 成功检测: 27 | 87.0%, 无需检测跳过: 0 | 0.0%, 检测失败: 4 | 13.0%, 
2022-04-19 13:56:56,698 - INFO -  requestId=p8DgOGVy1: 耗时：7.37秒, 目标总量: 31, 成功检测: 27 | 87.0%, 无需检测跳过: 0 | 0.0%, 检测失败: 4 | 13.0%, 
2022-04-19 13:56:56,698 - INFO -  requestId=p8DgOGVy1: 耗时：7.37秒, 目标总量: 31, 成功检测: 27 | 87.0%, 无需检测跳过: 0 | 0.0%, 检测失败: 4 | 13.0%, 
2022-04-19 13:56:56,698 - INFO -  requestId=p8DgOGVy1: 耗时：7.37秒, 目标总量: 31, 成功检测: 27 | 87.0%, 无需检测跳过: 0 | 0.0%, 检测失败: 4 | 13.0%, 
2022-04-19 13:56:56,698 - INFO -  requestId=p8DgOGVy1: 耗时：7.37秒, 目标总量: 31, 成功检测: 27 | 87.0%, 无需检测跳过: 0 | 0.0%, 检测失败: 4 | 13.0%, 
2022-04-19 13:56:56,698 - INFO -  requestId=p8DgOGVy1: 耗时：7.37秒, 目标总量: 31, 成功检测: 27 | 87.0%, 无需检测跳过: 0 | 0.0%, 检测失败: 4 | 13.0%, 
2022-04-19 13:56:56,698 - INFO -  requestId=p8DgOGVy1: 耗时：7.37秒, 目标总量: 31, 成功检测: 27 | 87.0%, 无需检测跳过: 0 | 0.0%, 检测失败: 4 | 13.0%, 
2022-04-19 13:56:56,698 - INFO -  requestId=p8DgOGVy1: 耗时：7.37秒, 目标总量: 31, 成功检测: 27 | 87.0%, 无需检测跳过: 0 | 0.0%, 检测失败: 4 | 13.0%, 
2022-04-19 13:56:56,698 - INFO -  requestId=p8DgOGVy1: 耗时：7.37秒, 目标总量: 31, 成功检测: 27 | 87.0%, 无需检测跳过: 0 | 0.0%, 检测失败: 4 | 13.0%, 
2022-04-19 13:56:56,698 - INFO -  requestId=p8DgOGVy1: 耗时：7.37秒, 目标总量: 31, 成功检测: 27 | 87.0%, 无需检测跳过: 0 | 0.0%, 检测失败: 4 | 13.0%, 
2022-04-19 13:56:56,698 - INFO -  requestId=p8DgOGVy1: 耗时：7.37秒, 目标总量: 31, 成功检测: 27 | 87.0%, 无需检测跳过: 0 | 0.0%, 检测失败: 4 | 13.0%, 
2022-04-19 13:58:32,785 - INFO -  requestId=9DquPMXcv: 耗时：7.98秒, 目标总量: 31, 成功检测: 27 | 87.0%, 无需检测跳过: 0 | 0.0%, 检测失败: 4 | 13.0%, 
2022-04-19 13:58:32,785 - INFO -  requestId=9DquPMXcv: 耗时：7.98秒, 目标总量: 31, 成功检测: 27 | 87.0%, 无需检测跳过: 0 | 0.0%, 检测失败: 4 | 13.0%, 
2022-04-19 13:58:32,785 - INFO -  requestId=9DquPMXcv: 耗时：7.98秒, 目标总量: 31, 成功检测: 27 | 87.0%, 无需检测跳过: 0 | 0.0%, 检测失败: 4 | 13.0%, 
2022-04-19 13:58:32,785 - INFO -  requestId=9DquPMXcv: 耗时：7.98秒, 目标总量: 31, 成功检测: 27 | 87.0%, 无需检测跳过: 0 | 0.0%, 检测失败: 4 | 13.0%, 
2022-04-19 13:58:32,785 - INFO -  requestId=9DquPMXcv: 耗时：7.98秒, 目标总量: 31, 成功检测: 27 | 87.0%, 无需检测跳过: 0 | 0.0%, 检测失败: 4 | 13.0%, 
2022-04-19 13:58:32,785 - INFO -  requestId=9DquPMXcv: 耗时：7.98秒, 目标总量: 31, 成功检测: 27 | 87.0%, 无需检测跳过: 0 | 0.0%, 检测失败: 4 | 13.0%, 
2022-04-19 13:58:32,785 - INFO -  requestId=9DquPMXcv: 耗时：7.98秒, 目标总量: 31, 成功检测: 27 | 87.0%, 无需检测跳过: 0 | 0.0%, 检测失败: 4 | 13.0%, 
2022-04-19 13:58:32,785 - INFO -  requestId=9DquPMXcv: 耗时：7.98秒, 目标总量: 31, 成功检测: 27 | 87.0%, 无需检测跳过: 0 | 0.0%, 检测失败: 4 | 13.0%, 
2022-04-19 13:58:32,785 - INFO -  requestId=9DquPMXcv: 耗时：7.98秒, 目标总量: 31, 成功检测: 27 | 87.0%, 无需检测跳过: 0 | 0.0%, 检测失败: 4 | 13.0%, 
2022-04-19 13:58:32,785 - INFO -  requestId=9DquPMXcv: 耗时：7.98秒, 目标总量: 31, 成功检测: 27 | 87.0%, 无需检测跳过: 0 | 0.0%, 检测失败: 4 | 13.0%, 
2022-04-19 13:58:32,785 - INFO -  requestId=9DquPMXcv: 耗时：7.98秒, 目标总量: 31, 成功检测: 27 | 87.0%, 无需检测跳过: 0 | 0.0%, 检测失败: 4 | 13.0%, 
2022-04-19 13:58:32,785 - INFO -  requestId=9DquPMXcv: 耗时：7.98秒, 目标总量: 31, 成功检测: 27 | 87.0%, 无需检测跳过: 0 | 0.0%, 检测失败: 4 | 13.0%, 
2022-04-19 13:58:32,785 - INFO -  requestId=9DquPMXcv: 耗时：7.98秒, 目标总量: 31, 成功检测: 27 | 87.0%, 无需检测跳过: 0 | 0.0%, 检测失败: 4 | 13.0%, 
2022-04-19 13:58:32,785 - INFO -  requestId=9DquPMXcv: 耗时：7.98秒, 目标总量: 31, 成功检测: 27 | 87.0%, 无需检测跳过: 0 | 0.0%, 检测失败: 4 | 13.0%, 
2022-04-19 13:58:48,054 - INFO -  requestId=5JK8mE1gt: 耗时：7.87秒, 目标总量: 31, 成功检测: 27 | 87.0%, 无需检测跳过: 0 | 0.0%, 检测失败: 4 | 13.0%, 
2022-04-19 13:58:48,054 - INFO -  requestId=5JK8mE1gt: 耗时：7.87秒, 目标总量: 31, 成功检测: 27 | 87.0%, 无需检测跳过: 0 | 0.0%, 检测失败: 4 | 13.0%, 
2022-04-19 13:58:48,054 - INFO -  requestId=5JK8mE1gt: 耗时：7.87秒, 目标总量: 31, 成功检测: 27 | 87.0%, 无需检测跳过: 0 | 0.0%, 检测失败: 4 | 13.0%, 
2022-04-19 13:58:48,054 - INFO -  requestId=5JK8mE1gt: 耗时：7.87秒, 目标总量: 31, 成功检测: 27 | 87.0%, 无需检测跳过: 0 | 0.0%, 检测失败: 4 | 13.0%, 
2022-04-19 13:58:48,054 - INFO -  requestId=5JK8mE1gt: 耗时：7.87秒, 目标总量: 31, 成功检测: 27 | 87.0%, 无需检测跳过: 0 | 0.0%, 检测失败: 4 | 13.0%, 
2022-04-19 13:58:48,054 - INFO -  requestId=5JK8mE1gt: 耗时：7.87秒, 目标总量: 31, 成功检测: 27 | 87.0%, 无需检测跳过: 0 | 0.0%, 检测失败: 4 | 13.0%, 
2022-04-19 13:58:48,054 - INFO -  requestId=5JK8mE1gt: 耗时：7.87秒, 目标总量: 31, 成功检测: 27 | 87.0%, 无需检测跳过: 0 | 0.0%, 检测失败: 4 | 13.0%, 
2022-04-19 13:58:48,054 - INFO -  requestId=5JK8mE1gt: 耗时：7.87秒, 目标总量: 31, 成功检测: 27 | 87.0%, 无需检测跳过: 0 | 0.0%, 检测失败: 4 | 13.0%, 
2022-04-19 13:58:48,054 - INFO -  requestId=5JK8mE1gt: 耗时：7.87秒, 目标总量: 31, 成功检测: 27 | 87.0%, 无需检测跳过: 0 | 0.0%, 检测失败: 4 | 13.0%, 
2022-04-19 13:58:48,054 - INFO -  requestId=5JK8mE1gt: 耗时：7.87秒, 目标总量: 31, 成功检测: 27 | 87.0%, 无需检测跳过: 0 | 0.0%, 检测失败: 4 | 13.0%, 
2022-04-19 13:58:48,054 - INFO -  requestId=5JK8mE1gt: 耗时：7.87秒, 目标总量: 31, 成功检测: 27 | 87.0%, 无需检测跳过: 0 | 0.0%, 检测失败: 4 | 13.0%, 
2022-04-19 13:58:48,054 - INFO -  requestId=5JK8mE1gt: 耗时：7.87秒, 目标总量: 31, 成功检测: 27 | 87.0%, 无需检测跳过: 0 | 0.0%, 检测失败: 4 | 13.0%, 
2022-04-19 13:58:48,054 - INFO -  requestId=5JK8mE1gt: 耗时：7.87秒, 目标总量: 31, 成功检测: 27 | 87.0%, 无需检测跳过: 0 | 0.0%, 检测失败: 4 | 13.0%, 
2022-04-19 13:58:48,054 - INFO -  requestId=5JK8mE1gt: 耗时：7.87秒, 目标总量: 31, 成功检测: 27 | 87.0%, 无需检测跳过: 0 | 0.0%, 检测失败: 4 | 13.0%, 
2022-04-19 13:58:48,054 - INFO -  requestId=5JK8mE1gt: 耗时：7.87秒, 目标总量: 31, 成功检测: 27 | 87.0%, 无需检测跳过: 0 | 0.0%, 检测失败: 4 | 13.0%, 
2022-04-19 13:59:02,540 - INFO -  requestId=19D75Ia6n: 耗时：16.2秒, 目标总量: 30, 成功检测: 26 | 87.0%, 无需检测跳过: 0 | 0.0%, 检测失败: 4 | 13.0%, 
2022-04-19 13:59:02,540 - INFO -  requestId=19D75Ia6n: 耗时：16.2秒, 目标总量: 30, 成功检测: 26 | 87.0%, 无需检测跳过: 0 | 0.0%, 检测失败: 4 | 13.0%, 
2022-04-19 13:59:02,540 - INFO -  requestId=19D75Ia6n: 耗时：16.2秒, 目标总量: 30, 成功检测: 26 | 87.0%, 无需检测跳过: 0 | 0.0%, 检测失败: 4 | 13.0%, 
2022-04-19 13:59:02,540 - INFO -  requestId=19D75Ia6n: 耗时：16.2秒, 目标总量: 30, 成功检测: 26 | 87.0%, 无需检测跳过: 0 | 0.0%, 检测失败: 4 | 13.0%, 
2022-04-19 13:59:02,540 - INFO -  requestId=19D75Ia6n: 耗时：16.2秒, 目标总量: 30, 成功检测: 26 | 87.0%, 无需检测跳过: 0 | 0.0%, 检测失败: 4 | 13.0%, 
2022-04-19 13:59:02,540 - INFO -  requestId=19D75Ia6n: 耗时：16.2秒, 目标总量: 30, 成功检测: 26 | 87.0%, 无需检测跳过: 0 | 0.0%, 检测失败: 4 | 13.0%, 
2022-04-19 13:59:02,540 - INFO -  requestId=19D75Ia6n: 耗时：16.2秒, 目标总量: 30, 成功检测: 26 | 87.0%, 无需检测跳过: 0 | 0.0%, 检测失败: 4 | 13.0%, 
2022-04-19 13:59:02,540 - INFO -  requestId=19D75Ia6n: 耗时：16.2秒, 目标总量: 30, 成功检测: 26 | 87.0%, 无需检测跳过: 0 | 0.0%, 检测失败: 4 | 13.0%, 
2022-04-19 13:59:02,540 - INFO -  requestId=19D75Ia6n: 耗时：16.2秒, 目标总量: 30, 成功检测: 26 | 87.0%, 无需检测跳过: 0 | 0.0%, 检测失败: 4 | 13.0%, 
2022-04-19 13:59:02,540 - INFO -  requestId=19D75Ia6n: 耗时：16.2秒, 目标总量: 30, 成功检测: 26 | 87.0%, 无需检测跳过: 0 | 0.0%, 检测失败: 4 | 13.0%, 
2022-04-19 13:59:02,540 - INFO -  requestId=19D75Ia6n: 耗时：16.2秒, 目标总量: 30, 成功检测: 26 | 87.0%, 无需检测跳过: 0 | 0.0%, 检测失败: 4 | 13.0%, 
2022-04-19 13:59:02,540 - INFO -  requestId=19D75Ia6n: 耗时：16.2秒, 目标总量: 30, 成功检测: 26 | 87.0%, 无需检测跳过: 0 | 0.0%, 检测失败: 4 | 13.0%, 
2022-04-19 13:59:02,540 - INFO -  requestId=19D75Ia6n: 耗时：16.2秒, 目标总量: 30, 成功检测: 26 | 87.0%, 无需检测跳过: 0 | 0.0%, 检测失败: 4 | 13.0%, 
2022-04-19 13:59:02,540 - INFO -  requestId=19D75Ia6n: 耗时：16.2秒, 目标总量: 30, 成功检测: 26 | 87.0%, 无需检测跳过: 0 | 0.0%, 检测失败: 4 | 13.0%, 
2022-04-19 13:59:02,540 - INFO -  requestId=19D75Ia6n: 耗时：16.2秒, 目标总量: 30, 成功检测: 26 | 87.0%, 无需检测跳过: 0 | 0.0%, 检测失败: 4 | 13.0%, 
2022-04-19 13:59:02,540 - INFO -  requestId=19D75Ia6n: 耗时：16.2秒, 目标总量: 30, 成功检测: 26 | 87.0%, 无需检测跳过: 0 | 0.0%, 检测失败: 4 | 13.0%, 
2022-04-19 13:59:11,331 - INFO -  requestId=iK5dzVQPI: 耗时：6.86秒, 目标总量: 30, 成功检测: 26 | 87.0%, 无需检测跳过: 0 | 0.0%, 检测失败: 4 | 13.0%, 
2022-04-19 13:59:11,331 - INFO -  requestId=iK5dzVQPI: 耗时：6.86秒, 目标总量: 30, 成功检测: 26 | 87.0%, 无需检测跳过: 0 | 0.0%, 检测失败: 4 | 13.0%, 
2022-04-19 13:59:11,331 - INFO -  requestId=iK5dzVQPI: 耗时：6.86秒, 目标总量: 30, 成功检测: 26 | 87.0%, 无需检测跳过: 0 | 0.0%, 检测失败: 4 | 13.0%, 
2022-04-19 13:59:11,331 - INFO -  requestId=iK5dzVQPI: 耗时：6.86秒, 目标总量: 30, 成功检测: 26 | 87.0%, 无需检测跳过: 0 | 0.0%, 检测失败: 4 | 13.0%, 
2022-04-19 13:59:11,331 - INFO -  requestId=iK5dzVQPI: 耗时：6.86秒, 目标总量: 30, 成功检测: 26 | 87.0%, 无需检测跳过: 0 | 0.0%, 检测失败: 4 | 13.0%, 
2022-04-19 13:59:11,331 - INFO -  requestId=iK5dzVQPI: 耗时：6.86秒, 目标总量: 30, 成功检测: 26 | 87.0%, 无需检测跳过: 0 | 0.0%, 检测失败: 4 | 13.0%, 
2022-04-19 13:59:11,331 - INFO -  requestId=iK5dzVQPI: 耗时：6.86秒, 目标总量: 30, 成功检测: 26 | 87.0%, 无需检测跳过: 0 | 0.0%, 检测失败: 4 | 13.0%, 
2022-04-19 13:59:11,331 - INFO -  requestId=iK5dzVQPI: 耗时：6.86秒, 目标总量: 30, 成功检测: 26 | 87.0%, 无需检测跳过: 0 | 0.0%, 检测失败: 4 | 13.0%, 
2022-04-19 13:59:11,331 - INFO -  requestId=iK5dzVQPI: 耗时：6.86秒, 目标总量: 30, 成功检测: 26 | 87.0%, 无需检测跳过: 0 | 0.0%, 检测失败: 4 | 13.0%, 
2022-04-19 13:59:11,331 - INFO -  requestId=iK5dzVQPI: 耗时：6.86秒, 目标总量: 30, 成功检测: 26 | 87.0%, 无需检测跳过: 0 | 0.0%, 检测失败: 4 | 13.0%, 
2022-04-19 13:59:11,331 - INFO -  requestId=iK5dzVQPI: 耗时：6.86秒, 目标总量: 30, 成功检测: 26 | 87.0%, 无需检测跳过: 0 | 0.0%, 检测失败: 4 | 13.0%, 
2022-04-19 13:59:11,331 - INFO -  requestId=iK5dzVQPI: 耗时：6.86秒, 目标总量: 30, 成功检测: 26 | 87.0%, 无需检测跳过: 0 | 0.0%, 检测失败: 4 | 13.0%, 
2022-04-19 13:59:11,331 - INFO -  requestId=iK5dzVQPI: 耗时：6.86秒, 目标总量: 30, 成功检测: 26 | 87.0%, 无需检测跳过: 0 | 0.0%, 检测失败: 4 | 13.0%, 
2022-04-19 13:59:11,331 - INFO -  requestId=iK5dzVQPI: 耗时：6.86秒, 目标总量: 30, 成功检测: 26 | 87.0%, 无需检测跳过: 0 | 0.0%, 检测失败: 4 | 13.0%, 
2022-04-19 13:59:11,331 - INFO -  requestId=iK5dzVQPI: 耗时：6.86秒, 目标总量: 30, 成功检测: 26 | 87.0%, 无需检测跳过: 0 | 0.0%, 检测失败: 4 | 13.0%, 
2022-04-19 13:59:11,331 - INFO -  requestId=iK5dzVQPI: 耗时：6.86秒, 目标总量: 30, 成功检测: 26 | 87.0%, 无需检测跳过: 0 | 0.0%, 检测失败: 4 | 13.0%, 
2022-04-19 13:59:11,331 - INFO -  requestId=iK5dzVQPI: 耗时：6.86秒, 目标总量: 30, 成功检测: 26 | 87.0%, 无需检测跳过: 0 | 0.0%, 检测失败: 4 | 13.0%, 
2022-04-19 14:03:23,202 - INFO -  requestId=b2viQlyMo: 耗时：6.96秒, 目标总量: 31, 成功检测: 27 | 87.0%, 无需检测跳过: 0 | 0.0%, 检测失败: 4 | 13.0%, 
2022-04-19 14:03:23,202 - INFO -  requestId=b2viQlyMo: 耗时：6.96秒, 目标总量: 31, 成功检测: 27 | 87.0%, 无需检测跳过: 0 | 0.0%, 检测失败: 4 | 13.0%, 
2022-04-19 14:03:23,202 - INFO -  requestId=b2viQlyMo: 耗时：6.96秒, 目标总量: 31, 成功检测: 27 | 87.0%, 无需检测跳过: 0 | 0.0%, 检测失败: 4 | 13.0%, 
2022-04-19 14:03:23,202 - INFO -  requestId=b2viQlyMo: 耗时：6.96秒, 目标总量: 31, 成功检测: 27 | 87.0%, 无需检测跳过: 0 | 0.0%, 检测失败: 4 | 13.0%, 
2022-04-19 14:03:23,202 - INFO -  requestId=b2viQlyMo: 耗时：6.96秒, 目标总量: 31, 成功检测: 27 | 87.0%, 无需检测跳过: 0 | 0.0%, 检测失败: 4 | 13.0%, 
2022-04-19 14:03:23,202 - INFO -  requestId=b2viQlyMo: 耗时：6.96秒, 目标总量: 31, 成功检测: 27 | 87.0%, 无需检测跳过: 0 | 0.0%, 检测失败: 4 | 13.0%, 
2022-04-19 14:03:23,202 - INFO -  requestId=b2viQlyMo: 耗时：6.96秒, 目标总量: 31, 成功检测: 27 | 87.0%, 无需检测跳过: 0 | 0.0%, 检测失败: 4 | 13.0%, 
2022-04-19 14:03:23,202 - INFO -  requestId=b2viQlyMo: 耗时：6.96秒, 目标总量: 31, 成功检测: 27 | 87.0%, 无需检测跳过: 0 | 0.0%, 检测失败: 4 | 13.0%, 
2022-04-19 14:03:23,202 - INFO -  requestId=b2viQlyMo: 耗时：6.96秒, 目标总量: 31, 成功检测: 27 | 87.0%, 无需检测跳过: 0 | 0.0%, 检测失败: 4 | 13.0%, 
2022-04-19 14:03:23,202 - INFO -  requestId=b2viQlyMo: 耗时：6.96秒, 目标总量: 31, 成功检测: 27 | 87.0%, 无需检测跳过: 0 | 0.0%, 检测失败: 4 | 13.0%, 
2022-04-19 14:03:23,202 - INFO -  requestId=b2viQlyMo: 耗时：6.96秒, 目标总量: 31, 成功检测: 27 | 87.0%, 无需检测跳过: 0 | 0.0%, 检测失败: 4 | 13.0%, 
2022-04-19 14:03:23,202 - INFO -  requestId=b2viQlyMo: 耗时：6.96秒, 目标总量: 31, 成功检测: 27 | 87.0%, 无需检测跳过: 0 | 0.0%, 检测失败: 4 | 13.0%, 
2022-04-19 14:03:23,202 - INFO -  requestId=b2viQlyMo: 耗时：6.96秒, 目标总量: 31, 成功检测: 27 | 87.0%, 无需检测跳过: 0 | 0.0%, 检测失败: 4 | 13.0%, 
2022-04-19 14:03:23,202 - INFO -  requestId=b2viQlyMo: 耗时：6.96秒, 目标总量: 31, 成功检测: 27 | 87.0%, 无需检测跳过: 0 | 0.0%, 检测失败: 4 | 13.0%, 
2022-04-19 14:03:23,202 - INFO -  requestId=b2viQlyMo: 耗时：6.96秒, 目标总量: 31, 成功检测: 27 | 87.0%, 无需检测跳过: 0 | 0.0%, 检测失败: 4 | 13.0%, 
2022-04-19 14:03:23,202 - INFO -  requestId=b2viQlyMo: 耗时：6.96秒, 目标总量: 31, 成功检测: 27 | 87.0%, 无需检测跳过: 0 | 0.0%, 检测失败: 4 | 13.0%, 
2022-04-19 14:03:23,202 - INFO -  requestId=b2viQlyMo: 耗时：6.96秒, 目标总量: 31, 成功检测: 27 | 87.0%, 无需检测跳过: 0 | 0.0%, 检测失败: 4 | 13.0%, 
2022-04-19 14:03:23,202 - INFO -  requestId=b2viQlyMo: 耗时：6.96秒, 目标总量: 31, 成功检测: 27 | 87.0%, 无需检测跳过: 0 | 0.0%, 检测失败: 4 | 13.0%, 
2022-04-19 14:03:44,544 - INFO -  requestId=TvhrrW0zU: 耗时：7.97秒, 目标总量: 31, 成功检测: 27 | 87.0%, 无需检测跳过: 0 | 0.0%, 检测失败: 4 | 13.0%, 
2022-04-19 14:03:44,544 - INFO -  requestId=TvhrrW0zU: 耗时：7.97秒, 目标总量: 31, 成功检测: 27 | 87.0%, 无需检测跳过: 0 | 0.0%, 检测失败: 4 | 13.0%, 
2022-04-19 14:03:44,544 - INFO -  requestId=TvhrrW0zU: 耗时：7.97秒, 目标总量: 31, 成功检测: 27 | 87.0%, 无需检测跳过: 0 | 0.0%, 检测失败: 4 | 13.0%, 
2022-04-19 14:03:44,544 - INFO -  requestId=TvhrrW0zU: 耗时：7.97秒, 目标总量: 31, 成功检测: 27 | 87.0%, 无需检测跳过: 0 | 0.0%, 检测失败: 4 | 13.0%, 
2022-04-19 14:03:44,544 - INFO -  requestId=TvhrrW0zU: 耗时：7.97秒, 目标总量: 31, 成功检测: 27 | 87.0%, 无需检测跳过: 0 | 0.0%, 检测失败: 4 | 13.0%, 
2022-04-19 14:03:44,544 - INFO -  requestId=TvhrrW0zU: 耗时：7.97秒, 目标总量: 31, 成功检测: 27 | 87.0%, 无需检测跳过: 0 | 0.0%, 检测失败: 4 | 13.0%, 
2022-04-19 14:03:44,544 - INFO -  requestId=TvhrrW0zU: 耗时：7.97秒, 目标总量: 31, 成功检测: 27 | 87.0%, 无需检测跳过: 0 | 0.0%, 检测失败: 4 | 13.0%, 
2022-04-19 14:03:44,544 - INFO -  requestId=TvhrrW0zU: 耗时：7.97秒, 目标总量: 31, 成功检测: 27 | 87.0%, 无需检测跳过: 0 | 0.0%, 检测失败: 4 | 13.0%, 
2022-04-19 14:03:44,544 - INFO -  requestId=TvhrrW0zU: 耗时：7.97秒, 目标总量: 31, 成功检测: 27 | 87.0%, 无需检测跳过: 0 | 0.0%, 检测失败: 4 | 13.0%, 
2022-04-19 14:03:44,544 - INFO -  requestId=TvhrrW0zU: 耗时：7.97秒, 目标总量: 31, 成功检测: 27 | 87.0%, 无需检测跳过: 0 | 0.0%, 检测失败: 4 | 13.0%, 
2022-04-19 14:03:44,544 - INFO -  requestId=TvhrrW0zU: 耗时：7.97秒, 目标总量: 31, 成功检测: 27 | 87.0%, 无需检测跳过: 0 | 0.0%, 检测失败: 4 | 13.0%, 
2022-04-19 14:03:44,544 - INFO -  requestId=TvhrrW0zU: 耗时：7.97秒, 目标总量: 31, 成功检测: 27 | 87.0%, 无需检测跳过: 0 | 0.0%, 检测失败: 4 | 13.0%, 
2022-04-19 14:03:44,544 - INFO -  requestId=TvhrrW0zU: 耗时：7.97秒, 目标总量: 31, 成功检测: 27 | 87.0%, 无需检测跳过: 0 | 0.0%, 检测失败: 4 | 13.0%, 
2022-04-19 14:03:44,544 - INFO -  requestId=TvhrrW0zU: 耗时：7.97秒, 目标总量: 31, 成功检测: 27 | 87.0%, 无需检测跳过: 0 | 0.0%, 检测失败: 4 | 13.0%, 
2022-04-19 14:03:44,544 - INFO -  requestId=TvhrrW0zU: 耗时：7.97秒, 目标总量: 31, 成功检测: 27 | 87.0%, 无需检测跳过: 0 | 0.0%, 检测失败: 4 | 13.0%, 
2022-04-19 14:03:44,544 - INFO -  requestId=TvhrrW0zU: 耗时：7.97秒, 目标总量: 31, 成功检测: 27 | 87.0%, 无需检测跳过: 0 | 0.0%, 检测失败: 4 | 13.0%, 
2022-04-19 14:03:44,544 - INFO -  requestId=TvhrrW0zU: 耗时：7.97秒, 目标总量: 31, 成功检测: 27 | 87.0%, 无需检测跳过: 0 | 0.0%, 检测失败: 4 | 13.0%, 
2022-04-19 14:03:44,544 - INFO -  requestId=TvhrrW0zU: 耗时：7.97秒, 目标总量: 31, 成功检测: 27 | 87.0%, 无需检测跳过: 0 | 0.0%, 检测失败: 4 | 13.0%, 
2022-04-19 14:03:44,544 - INFO -  requestId=TvhrrW0zU: 耗时：7.97秒, 目标总量: 31, 成功检测: 27 | 87.0%, 无需检测跳过: 0 | 0.0%, 检测失败: 4 | 13.0%, 
2022-04-19 14:04:13,038 - INFO -  requestId=TvhrrW0zU: 耗时：24.96秒, 目标总量: 58, 成功检测: 27 | 47.0%, 无需检测跳过: 31 | 53.0%, 检测失败: 0 | 0.0%, 
2022-04-19 14:04:13,038 - INFO -  requestId=TvhrrW0zU: 耗时：24.96秒, 目标总量: 58, 成功检测: 27 | 47.0%, 无需检测跳过: 31 | 53.0%, 检测失败: 0 | 0.0%, 
2022-04-19 14:04:13,038 - INFO -  requestId=TvhrrW0zU: 耗时：24.96秒, 目标总量: 58, 成功检测: 27 | 47.0%, 无需检测跳过: 31 | 53.0%, 检测失败: 0 | 0.0%, 
2022-04-19 14:04:13,038 - INFO -  requestId=TvhrrW0zU: 耗时：24.96秒, 目标总量: 58, 成功检测: 27 | 47.0%, 无需检测跳过: 31 | 53.0%, 检测失败: 0 | 0.0%, 
2022-04-19 14:04:13,038 - INFO -  requestId=TvhrrW0zU: 耗时：24.96秒, 目标总量: 58, 成功检测: 27 | 47.0%, 无需检测跳过: 31 | 53.0%, 检测失败: 0 | 0.0%, 
2022-04-19 14:04:13,038 - INFO -  requestId=TvhrrW0zU: 耗时：24.96秒, 目标总量: 58, 成功检测: 27 | 47.0%, 无需检测跳过: 31 | 53.0%, 检测失败: 0 | 0.0%, 
2022-04-19 14:04:13,038 - INFO -  requestId=TvhrrW0zU: 耗时：24.96秒, 目标总量: 58, 成功检测: 27 | 47.0%, 无需检测跳过: 31 | 53.0%, 检测失败: 0 | 0.0%, 
2022-04-19 14:04:13,038 - INFO -  requestId=TvhrrW0zU: 耗时：24.96秒, 目标总量: 58, 成功检测: 27 | 47.0%, 无需检测跳过: 31 | 53.0%, 检测失败: 0 | 0.0%, 
2022-04-19 14:04:13,038 - INFO -  requestId=TvhrrW0zU: 耗时：24.96秒, 目标总量: 58, 成功检测: 27 | 47.0%, 无需检测跳过: 31 | 53.0%, 检测失败: 0 | 0.0%, 
2022-04-19 14:04:13,038 - INFO -  requestId=TvhrrW0zU: 耗时：24.96秒, 目标总量: 58, 成功检测: 27 | 47.0%, 无需检测跳过: 31 | 53.0%, 检测失败: 0 | 0.0%, 
2022-04-19 14:04:13,038 - INFO -  requestId=TvhrrW0zU: 耗时：24.96秒, 目标总量: 58, 成功检测: 27 | 47.0%, 无需检测跳过: 31 | 53.0%, 检测失败: 0 | 0.0%, 
2022-04-19 14:04:13,038 - INFO -  requestId=TvhrrW0zU: 耗时：24.96秒, 目标总量: 58, 成功检测: 27 | 47.0%, 无需检测跳过: 31 | 53.0%, 检测失败: 0 | 0.0%, 
2022-04-19 14:04:13,038 - INFO -  requestId=TvhrrW0zU: 耗时：24.96秒, 目标总量: 58, 成功检测: 27 | 47.0%, 无需检测跳过: 31 | 53.0%, 检测失败: 0 | 0.0%, 
2022-04-19 14:04:13,038 - INFO -  requestId=TvhrrW0zU: 耗时：24.96秒, 目标总量: 58, 成功检测: 27 | 47.0%, 无需检测跳过: 31 | 53.0%, 检测失败: 0 | 0.0%, 
2022-04-19 14:04:13,038 - INFO -  requestId=TvhrrW0zU: 耗时：24.96秒, 目标总量: 58, 成功检测: 27 | 47.0%, 无需检测跳过: 31 | 53.0%, 检测失败: 0 | 0.0%, 
2022-04-19 14:04:13,038 - INFO -  requestId=TvhrrW0zU: 耗时：24.96秒, 目标总量: 58, 成功检测: 27 | 47.0%, 无需检测跳过: 31 | 53.0%, 检测失败: 0 | 0.0%, 
2022-04-19 14:04:13,038 - INFO -  requestId=TvhrrW0zU: 耗时：24.96秒, 目标总量: 58, 成功检测: 27 | 47.0%, 无需检测跳过: 31 | 53.0%, 检测失败: 0 | 0.0%, 
2022-04-19 14:04:13,038 - INFO -  requestId=TvhrrW0zU: 耗时：24.96秒, 目标总量: 58, 成功检测: 27 | 47.0%, 无需检测跳过: 31 | 53.0%, 检测失败: 0 | 0.0%, 
2022-04-19 14:04:13,038 - INFO -  requestId=TvhrrW0zU: 耗时：24.96秒, 目标总量: 58, 成功检测: 27 | 47.0%, 无需检测跳过: 31 | 53.0%, 检测失败: 0 | 0.0%, 
2022-04-19 14:04:13,038 - INFO -  requestId=TvhrrW0zU: 耗时：24.96秒, 目标总量: 58, 成功检测: 27 | 47.0%, 无需检测跳过: 31 | 53.0%, 检测失败: 0 | 0.0%, 
2022-04-19 14:04:22,075 - INFO -  requestId=TvhrrW0zU: 耗时：30.99秒, 目标总量: 109, 成功检测: 75 | 69.0%, 无需检测跳过: 31 | 28.000000000000004%, 检测失败: 3 | 3.0%, 
2022-04-19 14:04:22,075 - INFO -  requestId=TvhrrW0zU: 耗时：30.99秒, 目标总量: 109, 成功检测: 75 | 69.0%, 无需检测跳过: 31 | 28.000000000000004%, 检测失败: 3 | 3.0%, 
2022-04-19 14:04:22,075 - INFO -  requestId=TvhrrW0zU: 耗时：30.99秒, 目标总量: 109, 成功检测: 75 | 69.0%, 无需检测跳过: 31 | 28.000000000000004%, 检测失败: 3 | 3.0%, 
2022-04-19 14:04:22,075 - INFO -  requestId=TvhrrW0zU: 耗时：30.99秒, 目标总量: 109, 成功检测: 75 | 69.0%, 无需检测跳过: 31 | 28.000000000000004%, 检测失败: 3 | 3.0%, 
2022-04-19 14:04:22,075 - INFO -  requestId=TvhrrW0zU: 耗时：30.99秒, 目标总量: 109, 成功检测: 75 | 69.0%, 无需检测跳过: 31 | 28.000000000000004%, 检测失败: 3 | 3.0%, 
2022-04-19 14:04:22,075 - INFO -  requestId=TvhrrW0zU: 耗时：30.99秒, 目标总量: 109, 成功检测: 75 | 69.0%, 无需检测跳过: 31 | 28.000000000000004%, 检测失败: 3 | 3.0%, 
2022-04-19 14:04:22,075 - INFO -  requestId=TvhrrW0zU: 耗时：30.99秒, 目标总量: 109, 成功检测: 75 | 69.0%, 无需检测跳过: 31 | 28.000000000000004%, 检测失败: 3 | 3.0%, 
2022-04-19 14:04:22,075 - INFO -  requestId=TvhrrW0zU: 耗时：30.99秒, 目标总量: 109, 成功检测: 75 | 69.0%, 无需检测跳过: 31 | 28.000000000000004%, 检测失败: 3 | 3.0%, 
2022-04-19 14:04:22,075 - INFO -  requestId=TvhrrW0zU: 耗时：30.99秒, 目标总量: 109, 成功检测: 75 | 69.0%, 无需检测跳过: 31 | 28.000000000000004%, 检测失败: 3 | 3.0%, 
2022-04-19 14:04:22,075 - INFO -  requestId=TvhrrW0zU: 耗时：30.99秒, 目标总量: 109, 成功检测: 75 | 69.0%, 无需检测跳过: 31 | 28.000000000000004%, 检测失败: 3 | 3.0%, 
2022-04-19 14:04:22,075 - INFO -  requestId=TvhrrW0zU: 耗时：30.99秒, 目标总量: 109, 成功检测: 75 | 69.0%, 无需检测跳过: 31 | 28.000000000000004%, 检测失败: 3 | 3.0%, 
2022-04-19 14:04:22,075 - INFO -  requestId=TvhrrW0zU: 耗时：30.99秒, 目标总量: 109, 成功检测: 75 | 69.0%, 无需检测跳过: 31 | 28.000000000000004%, 检测失败: 3 | 3.0%, 
2022-04-19 14:04:22,075 - INFO -  requestId=TvhrrW0zU: 耗时：30.99秒, 目标总量: 109, 成功检测: 75 | 69.0%, 无需检测跳过: 31 | 28.000000000000004%, 检测失败: 3 | 3.0%, 
2022-04-19 14:04:22,075 - INFO -  requestId=TvhrrW0zU: 耗时：30.99秒, 目标总量: 109, 成功检测: 75 | 69.0%, 无需检测跳过: 31 | 28.000000000000004%, 检测失败: 3 | 3.0%, 
2022-04-19 14:04:22,075 - INFO -  requestId=TvhrrW0zU: 耗时：30.99秒, 目标总量: 109, 成功检测: 75 | 69.0%, 无需检测跳过: 31 | 28.000000000000004%, 检测失败: 3 | 3.0%, 
2022-04-19 14:04:22,075 - INFO -  requestId=TvhrrW0zU: 耗时：30.99秒, 目标总量: 109, 成功检测: 75 | 69.0%, 无需检测跳过: 31 | 28.000000000000004%, 检测失败: 3 | 3.0%, 
2022-04-19 14:04:22,075 - INFO -  requestId=TvhrrW0zU: 耗时：30.99秒, 目标总量: 109, 成功检测: 75 | 69.0%, 无需检测跳过: 31 | 28.000000000000004%, 检测失败: 3 | 3.0%, 
2022-04-19 14:04:22,075 - INFO -  requestId=TvhrrW0zU: 耗时：30.99秒, 目标总量: 109, 成功检测: 75 | 69.0%, 无需检测跳过: 31 | 28.000000000000004%, 检测失败: 3 | 3.0%, 
2022-04-19 14:04:22,075 - INFO -  requestId=TvhrrW0zU: 耗时：30.99秒, 目标总量: 109, 成功检测: 75 | 69.0%, 无需检测跳过: 31 | 28.000000000000004%, 检测失败: 3 | 3.0%, 
2022-04-19 14:04:22,075 - INFO -  requestId=TvhrrW0zU: 耗时：30.99秒, 目标总量: 109, 成功检测: 75 | 69.0%, 无需检测跳过: 31 | 28.000000000000004%, 检测失败: 3 | 3.0%, 
2022-04-19 14:04:22,075 - INFO -  requestId=TvhrrW0zU: 耗时：30.99秒, 目标总量: 109, 成功检测: 75 | 69.0%, 无需检测跳过: 31 | 28.000000000000004%, 检测失败: 3 | 3.0%, 
2022-04-19 15:11:09,012 - INFO -  requestId=C2P-LERtV: 耗时：21.29秒, 目标总量: 29, 成功检测: 27 | 93.0%, 无需检测跳过: 0 | 0.0%, 检测失败: 2 | 7.000000000000001%, 
2022-04-19 15:27:41,366 - INFO -  requestId=gXQmgF1re: 耗时：5.65秒, 目标总量: 26, 成功检测: 11 | 42.0%, 无需检测跳过: 0 | 0.0%, 检测失败: 15 | 57.99999999999999%, 
2022-04-19 15:30:56,013 - INFO -  requestId=JBEkAaSM7: 耗时：5.21秒, 目标总量: 26, 成功检测: 11 | 42.0%, 无需检测跳过: 0 | 0.0%, 检测失败: 15 | 57.99999999999999%, 
2022-04-19 15:31:57,292 - INFO -  requestId=DMSV9l6RV: 耗时：7.3秒, 目标总量: 26, 成功检测: 19 | 73.0%, 无需检测跳过: 0 | 0.0%, 检测失败: 7 | 27.0%, 
2022-04-19 15:31:57,292 - INFO -  requestId=DMSV9l6RV: 耗时：7.3秒, 目标总量: 26, 成功检测: 19 | 73.0%, 无需检测跳过: 0 | 0.0%, 检测失败: 7 | 27.0%, 
2022-04-19 16:06:06,343 - INFO -  requestId=hd9Pea45r: 耗时：6.42秒, 目标总量: 26, 成功检测: 19 | 73.0%, 无需检测跳过: 0 | 0.0%, 检测失败: 7 | 27.0%, 
2022-04-19 16:06:06,343 - INFO -  requestId=hd9Pea45r: 耗时：6.42秒, 目标总量: 26, 成功检测: 19 | 73.0%, 无需检测跳过: 0 | 0.0%, 检测失败: 7 | 27.0%, 
2022-04-19 16:06:06,343 - INFO -  requestId=hd9Pea45r: 耗时：6.42秒, 目标总量: 26, 成功检测: 19 | 73.0%, 无需检测跳过: 0 | 0.0%, 检测失败: 7 | 27.0%, 
2022-04-19 16:06:34,640 - INFO -  requestId=tvoMiKdYa: 耗时：5.85秒, 目标总量: 26, 成功检测: 19 | 73.0%, 无需检测跳过: 0 | 0.0%, 检测失败: 7 | 27.0%, 
2022-04-19 16:06:34,640 - INFO -  requestId=tvoMiKdYa: 耗时：5.85秒, 目标总量: 26, 成功检测: 19 | 73.0%, 无需检测跳过: 0 | 0.0%, 检测失败: 7 | 27.0%, 
2022-04-19 16:06:34,640 - INFO -  requestId=tvoMiKdYa: 耗时：5.85秒, 目标总量: 26, 成功检测: 19 | 73.0%, 无需检测跳过: 0 | 0.0%, 检测失败: 7 | 27.0%, 
2022-04-19 16:06:34,640 - INFO -  requestId=tvoMiKdYa: 耗时：5.85秒, 目标总量: 26, 成功检测: 19 | 73.0%, 无需检测跳过: 0 | 0.0%, 检测失败: 7 | 27.0%, 
2022-04-19 16:30:57,956 - INFO -  requestId=3eluefBNV: 耗时：6.69秒, 目标总量: 26, 成功检测: 19 | 73.0%, 无需检测跳过: 0 | 0.0%, 检测失败: 7 | 27.0%, 
2022-04-19 16:30:57,956 - INFO -  requestId=3eluefBNV: 耗时：6.69秒, 目标总量: 26, 成功检测: 19 | 73.0%, 无需检测跳过: 0 | 0.0%, 检测失败: 7 | 27.0%, 
2022-04-19 16:30:57,956 - INFO -  requestId=3eluefBNV: 耗时：6.69秒, 目标总量: 26, 成功检测: 19 | 73.0%, 无需检测跳过: 0 | 0.0%, 检测失败: 7 | 27.0%, 
2022-04-19 16:30:57,956 - INFO -  requestId=3eluefBNV: 耗时：6.69秒, 目标总量: 26, 成功检测: 19 | 73.0%, 无需检测跳过: 0 | 0.0%, 检测失败: 7 | 27.0%, 
2022-04-19 16:30:57,956 - INFO -  requestId=3eluefBNV: 耗时：6.69秒, 目标总量: 26, 成功检测: 19 | 73.0%, 无需检测跳过: 0 | 0.0%, 检测失败: 7 | 27.0%, 
